<?xml version="1.0" encoding="utf-8"?><testsuites name="pytest tests"><testsuite name="pytest" errors="0" failures="0" skipped="0" tests="7" time="2.379" timestamp="2026-07-28T21:57:17.998478+00:00" hostname="agent-env-0cd07be9-0af6-4684-8853-4cf243be8bb9"><testcase classname="backend.tests.test_elevage.TestElevage" name="test_status" time="0.684" /><testcase classname="backend.tests.test_elevage.TestElevage" name="test_dashboard" time="0.120" /><testcase classname="backend.tests.test_elevage.TestElevage" name="test_farms_list_and_scan" time="0.616" /><testcase classname="backend.tests.test_elevage.TestElevage" name="test_alerts_and_ack" time="0.316" /><testcase classname="backend.tests.test_elevage.TestElevage" name="test_cooperative" time="0.120" /><testcase classname="backend.tests.test_elevage.TestElevage" name="test_whatsapp_config" time="0.102" /><testcase classname="backend.tests.test_elevage.TestElevage" name="test_feed_recommendation" time="0.355" /></testsuite></testsuites>