<?xml version="1.0" encoding="utf-8"?><testsuites name="pytest tests"><testsuite name="pytest" errors="0" failures="0" skipped="0" tests="20" time="14.852" timestamp="2026-08-25T14:03:55.665993+00:00" hostname="agent-env-0cd07be9-0af6-4684-8853-4cf243be8bb9"><testcase classname="tests.test_agricam_api.TestAuthentication" name="test_farmer_login" time="0.548" /><testcase classname="tests.test_agricam_api.TestAuthentication" name="test_admin_login" time="0.386" /><testcase classname="tests.test_agricam_api.TestSensorsAPI" name="test_get_sensors" time="0.212" /><testcase classname="tests.test_agricam_api.TestSensorsAPI" name="test_get_sensors_stats" time="0.195" /><testcase classname="tests.test_agricam_api.TestParcelsAPI" name="test_get_parcels" time="0.246" /><testcase classname="tests.test_agricam_api.TestIrrigationAPI" name="test_get_irrigation_systems" time="0.284" /><testcase classname="tests.test_agricam_api.TestIrrigationAPI" name="test_get_irrigation_stats" time="0.240" /><testcase classname="tests.test_agricam_api.TestMarketplaceAPI" name="test_get_marketplace_products" time="0.187" /><testcase classname="tests.test_agricam_api.TestMarketplaceAPI" name="test_search_marketplace" time="0.168" /><testcase classname="tests.test_agricam_api.TestAlertsAPI" name="test_get_alerts" time="0.571" /><testcase classname="tests.test_agricam_api.TestAlertsAPI" name="test_get_unread_alerts" time="0.575" /><testcase classname="tests.test_agricam_api.TestImageAnalysisAPI" name="test_get_image_analyses" time="0.176" /><testcase classname="tests.test_agricam_api.TestImageAnalysisAPI" name="test_get_image_analysis_stats" time="0.184" /><testcase classname="tests.test_agricam_api.TestImageAnalysisAPI" name="test_upload_image_endpoint_exists" time="0.834" /><testcase classname="tests.test_agricam_api.TestImageAnalysisAPI" name="test_upload_image_with_real_image" time="6.944" /><testcase classname="tests.test_agricam_api.TestVideoAnalysisAPI" name="test_upload_video_endpoint_exists" time="0.833" /><testcase classname="tests.test_agricam_api.TestCSVAnalysisAPI" name="test_upload_csv_endpoint_exists" time="0.764" /><testcase classname="tests.test_agricam_api.TestCSVAnalysisAPI" name="test_upload_csv_with_data" time="0.802" /><testcase classname="tests.test_agricam_api.TestDashboardAPI" name="test_get_dashboard_stats" time="0.185" /><testcase classname="tests.test_agricam_api.TestWeatherAPI" name="test_get_weather" time="0.463" /></testsuite></testsuites>