<?xml version="1.0" encoding="utf-8"?><testsuites name="pytest tests"><testsuite name="pytest" errors="0" failures="0" skipped="0" tests="22" time="3.940" timestamp="2026-05-08T11:44:26.688021+00:00" hostname="agent-env-0cd07be9-0af6-4684-8853-4cf243be8bb9"><testcase classname="backend.tests.test_iteration38_licensing_support_marketplace.TestRegression" name="test_dashboard_stats" time="0.551" /><testcase classname="backend.tests.test_iteration38_licensing_support_marketplace.TestRegression" name="test_parcels_authed" time="0.133" /><testcase classname="backend.tests.test_iteration38_licensing_support_marketplace.TestRegression" name="test_payments_packages" time="0.116" /><testcase classname="backend.tests.test_iteration38_licensing_support_marketplace.TestRegression" name="test_admin_analytics_presentation" time="0.460" /><testcase classname="backend.tests.test_iteration38_licensing_support_marketplace.TestLicensing" name="test_plans_public" time="0.139" /><testcase classname="backend.tests.test_iteration38_licensing_support_marketplace.TestLicensing" name="test_my_license_farmer" time="0.112" /><testcase classname="backend.tests.test_iteration38_licensing_support_marketplace.TestLicensing" name="test_subscribe_free_active" time="0.104" /><testcase classname="backend.tests.test_iteration38_licensing_support_marketplace.TestLicensing" name="test_subscribe_premium_monthly_pending" time="0.123" /><testcase classname="backend.tests.test_iteration38_licensing_support_marketplace.TestLicensing" name="test_subscribe_premium_annual_pending" time="0.121" /><testcase classname="backend.tests.test_iteration38_licensing_support_marketplace.TestLicensing" name="test_admin_all_as_admin" time="0.129" /><testcase classname="backend.tests.test_iteration38_licensing_support_marketplace.TestLicensing" name="test_admin_all_forbidden_non_admin" time="0.103" /><testcase classname="backend.tests.test_iteration38_licensing_support_marketplace.TestSupport" name="test_categories" time="0.100" /><testcase classname="backend.tests.test_iteration38_licensing_support_marketplace.TestSupport" name="test_create_ticket_success" time="0.106" /><testcase classname="backend.tests.test_iteration38_licensing_support_marketplace.TestSupport" name="test_create_ticket_invalid_subject" time="0.101" /><testcase classname="backend.tests.test_iteration38_licensing_support_marketplace.TestSupport" name="test_admin_reply_changes_status" time="0.264" /><testcase classname="backend.tests.test_iteration38_licensing_support_marketplace.TestSupport" name="test_admin_tickets_list" time="0.114" /><testcase classname="backend.tests.test_iteration38_licensing_support_marketplace.TestSupport" name="test_admin_tickets_forbidden_non_admin" time="0.125" /><testcase classname="backend.tests.test_iteration38_licensing_support_marketplace.TestSupport" name="test_rate_limit_create_ticket" time="0.500" /><testcase classname="backend.tests.test_iteration38_licensing_support_marketplace.TestMarketplaceV2" name="test_initiate_purchase" time="0.116" /><testcase classname="backend.tests.test_iteration38_licensing_support_marketplace.TestMarketplaceV2" name="test_replay_protection" time="0.111" /><testcase classname="backend.tests.test_iteration38_licensing_support_marketplace.TestMarketplaceV2" name="test_confirm_cancellation" time="0.129" /><testcase classname="backend.tests.test_iteration38_licensing_support_marketplace.TestMarketplaceV2" name="test_orders_user_only" time="0.104" /></testsuite></testsuites>