<?xml version="1.0" encoding="utf-8"?><testsuites name="pytest tests"><testsuite name="pytest" errors="0" failures="0" skipped="0" tests="30" time="6.153" timestamp="2026-08-25T02:23:49.210630+00:00" hostname="agent-env-0cd07be9-0af6-4684-8853-4cf243be8bb9"><testcase classname="tests.test_iteration41_elevage_vision.TestVisionCameras" name="test_vision_engine" time="0.485" /><testcase classname="tests.test_iteration41_elevage_vision.TestVisionCameras" name="test_create_camera" time="0.233" /><testcase classname="tests.test_iteration41_elevage_vision.TestVisionCameras" name="test_create_camera_invalid_farm" time="0.119" /><testcase classname="tests.test_iteration41_elevage_vision.TestVisionCameras" name="test_list_cameras_contains_created" time="0.165" /><testcase classname="tests.test_iteration41_elevage_vision.TestVisionCameras" name="test_detect_frame_real_image" time="0.723" /><testcase classname="tests.test_iteration41_elevage_vision.TestVisionCameras" name="test_detect_frame_invalid_image" time="0.120" /><testcase classname="tests.test_iteration41_elevage_vision.TestVisionCameras" name="test_delete_camera" time="0.395" /><testcase classname="tests.test_iteration41_elevage_vision.TestVitaBif" name="test_gateway_key" time="0.146" /><testcase classname="tests.test_iteration41_elevage_vision.TestVitaBif" name="test_gateway_key_idempotent" time="0.181" /><testcase classname="tests.test_iteration41_elevage_vision.TestVitaBif" name="test_ingest_bad_key" time="0.140" /><testcase classname="tests.test_iteration41_elevage_vision.TestVitaBif" name="test_ingest_no_key" time="0.130" /><testcase classname="tests.test_iteration41_elevage_vision.TestVitaBif" name="test_ingest_valid_creates_alerts" time="0.129" /><testcase classname="tests.test_iteration41_elevage_vision.TestVitaBif" name="test_readings_persisted" time="0.136" /><testcase classname="tests.test_iteration41_elevage_vision.TestEpidemiology" name="test_scan" time="0.133" /><testcase classname="tests.test_iteration41_elevage_vision.TestEpidemiology" name="test_alerts_list" time="0.121" /><testcase classname="tests.test_iteration41_elevage_vision.TestMultilingual" name="test_language_alert[pidgin-ALARM]" time="0.349" /><testcase classname="tests.test_iteration41_elevage_vision.TestMultilingual" name="test_language_alert[fulfulde-TINNDINOL]" time="0.349" /><testcase classname="tests.test_iteration41_elevage_vision.TestMultilingual" name="test_invalid_language_rejected" time="0.104" /><testcase classname="tests.test_iteration41_elevage_vision.TestMultilingual" name="test_reset_to_fr" time="0.113" /><testcase classname="tests.test_iteration41_elevage_vision.TestMonitoring" name="test_get_default" time="0.142" /><testcase classname="tests.test_iteration41_elevage_vision.TestMonitoring" name="test_enable" time="0.293" /><testcase classname="tests.test_iteration41_elevage_vision.TestMonitoring" name="test_invalid_interval" time="0.104" /><testcase classname="tests.test_iteration41_elevage_vision.TestMonitoring" name="test_disable_final" time="0.235" /><testcase classname="tests.test_iteration41_elevage_vision.TestDataset" name="test_add_photo" time="0.318" /><testcase classname="tests.test_iteration41_elevage_vision.TestDataset" name="test_invalid_species" time="0.151" /><testcase classname="tests.test_iteration41_elevage_vision.TestDataset" name="test_stats" time="0.117" /><testcase classname="tests.test_iteration41_elevage_vision.TestAuthGuard" name="test_requires_auth[/api/elevage/vision/engine]" time="0.118" /><testcase classname="tests.test_iteration41_elevage_vision.TestAuthGuard" name="test_requires_auth[/api/elevage/cameras]" time="0.111" /><testcase classname="tests.test_iteration41_elevage_vision.TestAuthGuard" name="test_requires_auth[/api/elevage/vision/dataset/stats]" time="0.115" /><testcase classname="tests.test_iteration41_elevage_vision.TestAuthGuard" name="test_requires_auth[/api/elevage/cameras/monitoring]" time="0.105" /></testsuite></testsuites>