<?xml version="1.0" encoding="utf-8"?><testsuites name="pytest tests"><testsuite name="pytest" errors="0" failures="0" skipped="0" tests="9" time="3.013" timestamp="2026-08-25T14:04:27.674653+00:00" hostname="agent-env-0cd07be9-0af6-4684-8853-4cf243be8bb9"><testcase classname="tests.test_iteration42_objectid_fix" name="test_upload_csv_no_objectid_500" time="0.656" /><testcase classname="tests.test_iteration42_regression.TestAuth" name="test_admin_login" time="0.374" /><testcase classname="tests.test_iteration42_regression.TestAuth" name="test_farmer_login" time="0.307" /><testcase classname="tests.test_iteration42_regression.TestAuth" name="test_login_bad_password" time="0.303" /><testcase classname="tests.test_iteration42_regression.TestAuth" name="test_register_new_user" time="0.599" /><testcase classname="tests.test_iteration42_regression.TestDroneManager" name="test_fleet" time="0.394" /><testcase classname="tests.test_iteration42_regression.TestParcels" name="test_list_parcels" time="0.133" /><testcase classname="tests.test_iteration42_regression.TestElevage" name="test_status" time="0.101" /><testcase classname="tests.test_iteration42_regression.TestElevage" name="test_dashboard" time="0.092" /></testsuite></testsuites>