<?xml version="1.0" encoding="utf-8"?><testsuites name="pytest tests"><testsuite name="pytest" errors="0" failures="0" skipped="0" tests="12" time="107.630" timestamp="2026-02-28T22:06:53.775660+00:00" hostname="agent-env-38e1ca73-36bb-4006-9595-d51c5c21a6ee"><testcase classname="tests.test_iteration15_weather_camera.TestAuthLogin" name="test_admin_login" time="0.463" /><testcase classname="tests.test_iteration15_weather_camera.TestWeatherCurrentEndpoint" name="test_weather_current_bamenda" time="0.302" /><testcase classname="tests.test_iteration15_weather_camera.TestWeatherCurrentEndpoint" name="test_weather_current_douala" time="0.239" /><testcase classname="tests.test_iteration15_weather_camera.TestWeatherCityEndpoint" name="test_weather_city_douala" time="0.252" /><testcase classname="tests.test_iteration15_weather_camera.TestWeatherCityEndpoint" name="test_weather_city_yaounde" time="0.257" /><testcase classname="tests.test_iteration15_weather_camera.TestClimateNotifications" name="test_climate_notifications_bamenda" time="0.297" /><testcase classname="tests.test_iteration15_weather_camera.TestClimateNotifications" name="test_climate_notifications_douala" time="0.309" /><testcase classname="tests.test_iteration15_weather_camera.TestWeatherRouteNoConflict" name="test_both_weather_routes_work" time="0.337" /><testcase classname="tests.test_iteration15_weather_camera.TestAgribotIAEndpoints" name="test_predict_yield" time="34.461" /><testcase classname="tests.test_iteration15_weather_camera.TestAgribotIAEndpoints" name="test_ecological_advice" time="37.231" /><testcase classname="tests.test_iteration15_weather_camera.TestAgribotIAEndpoints" name="test_predict_disease_spread" time="33.240" /><testcase classname="tests.test_iteration15_weather_camera.TestCameraIAEndpoints" name="test_health_check" time="0.130" /></testsuite></testsuites>