<?xml version="1.0" encoding="utf-8"?><testsuites name="pytest tests"><testsuite name="pytest" errors="0" failures="0" skipped="0" tests="24" time="7.063" timestamp="2026-02-09T12:04:07.741774+00:00" hostname="agent-env-81d63623-fd9c-456c-94a3-37787d3a6cac"><testcase classname="backend.tests.test_robot_irrigation_api.TestAuthentication" name="test_admin_login" time="0.335" /><testcase classname="backend.tests.test_robot_irrigation_api.TestRobotStatus" name="test_robot_status_returns_2_robots" time="0.302" /><testcase classname="backend.tests.test_robot_irrigation_api.TestRobotControl" name="test_robot_control_start" time="0.308" /><testcase classname="backend.tests.test_robot_irrigation_api.TestRobotControl" name="test_robot_control_stop" time="0.350" /><testcase classname="backend.tests.test_robot_irrigation_api.TestRobotControl" name="test_robot_control_scan_area" time="0.300" /><testcase classname="backend.tests.test_robot_irrigation_api.TestRobotControl" name="test_robot_control_move_forward" time="0.299" /><testcase classname="backend.tests.test_robot_irrigation_api.TestRobotControl" name="test_robot_control_invalid_action" time="0.310" /><testcase classname="backend.tests.test_robot_irrigation_api.TestRobot3DMap" name="test_robot_3d_map_returns_point_cloud" time="0.302" /><testcase classname="backend.tests.test_robot_irrigation_api.TestRobotMove" name="test_robot_move_forward" time="0.303" /><testcase classname="backend.tests.test_robot_irrigation_api.TestRobotMove" name="test_robot_move_backward" time="0.293" /><testcase classname="backend.tests.test_robot_irrigation_api.TestRobotMove" name="test_robot_move_left" time="0.302" /><testcase classname="backend.tests.test_robot_irrigation_api.TestRobotMove" name="test_robot_move_right" time="0.303" /><testcase classname="backend.tests.test_robot_irrigation_api.TestRobotMove" name="test_robot_move_invalid_robot" time="0.303" /><testcase classname="backend.tests.test_robot_irrigation_api.TestRobotTelemetry" name="test_robot_telemetry" time="0.303" /><testcase classname="backend.tests.test_robot_irrigation_api.TestRobotWaypoint" name="test_add_waypoint" time="0.303" /><testcase classname="backend.tests.test_robot_irrigation_api.TestRobotHistory" name="test_robot_history" time="0.301" /><testcase classname="backend.tests.test_robot_irrigation_api.TestIrrigationControl" name="test_irrigation_control_start" time="0.319" /><testcase classname="backend.tests.test_robot_irrigation_api.TestIrrigationControl" name="test_irrigation_control_stop" time="0.300" /><testcase classname="backend.tests.test_robot_irrigation_api.TestIrrigationControl" name="test_irrigation_control_pause" time="0.310" /><testcase classname="backend.tests.test_robot_irrigation_api.TestCreateParcel" name="test_create_parcel_with_culture_type" time="0.386" /><testcase classname="backend.tests.test_robot_irrigation_api.TestDashboardStats" name="test_dashboard_stats" time="0.307" /><testcase classname="backend.tests.test_robot_irrigation_api.TestSensors" name="test_get_sensors" time="0.037" /><testcase classname="backend.tests.test_robot_irrigation_api.TestAlerts" name="test_get_alerts" time="0.297" /><testcase classname="backend.tests.test_robot_irrigation_api.TestHealthCheck" name="test_health" time="0.035" /></testsuite></testsuites>