<?xml version="1.0" encoding="utf-8"?><testsuites name="pytest tests"><testsuite name="pytest" errors="0" failures="4" skipped="0" tests="22" time="4.876" timestamp="2026-02-08T17:39:51.957001+00:00" hostname="agent-env-4998189f-167f-4727-a4f3-2691a6f79752"><testcase classname="backend.tests.test_p0_p1_features.TestHealth" name="test_api_health" time="0.078" /><testcase classname="backend.tests.test_p0_p1_features.TestAuthentication" name="test_farmer_login" time="0.260" /><testcase classname="backend.tests.test_p0_p1_features.TestAuthentication" name="test_admin_login" time="0.261" /><testcase classname="backend.tests.test_p0_p1_features.TestAIRecommendations" name="test_generate_ai_recommendations" time="0.298" /><testcase classname="backend.tests.test_p0_p1_features.TestSMSAlerts" name="test_send_sms_alert" time="0.304"><failure message="assert 'network' in {'cost_xaf': 25, 'message': 'SMS envoyé à +237699123456 via Réseau inconnu (simulé)', 'note': &quot;Mode simulation - En production, intégrez l'API Orange/MTN&quot;, 'sms_id': '35cb9fb1-ce00-4702-b2b6-ebe160739203', ...}">backend/tests/test_p0_p1_features.py:153: in test_send_sms_alert
    assert "network" in data
E   assert 'network' in {'cost_xaf': 25, 'message': 'SMS envoyé à +237699123456 via Réseau inconnu (simulé)', 'note': "Mode simulation - En production, intégrez l'API Orange/MTN", 'sms_id': '35cb9fb1-ce00-4702-b2b6-ebe160739203', ...}</failure></testcase><testcase classname="backend.tests.test_p0_p1_features.TestSMSAlerts" name="test_send_sms_mtn_network" time="0.295"><failure message="KeyError: 'network'">backend/tests/test_p0_p1_features.py:170: in test_send_sms_mtn_network
    assert data["network"] == "MTN Cameroun"
           ^^^^^^^^^^^^^^^
E   KeyError: 'network'</failure></testcase><testcase classname="backend.tests.test_p0_p1_features.TestSMSAlerts" name="test_send_sms_orange_network" time="0.303"><failure message="KeyError: 'network'">backend/tests/test_p0_p1_features.py:185: in test_send_sms_orange_network
    assert data["network"] == "Orange Cameroun"
           ^^^^^^^^^^^^^^^
E   KeyError: 'network'</failure></testcase><testcase classname="backend.tests.test_p0_p1_features.TestSMSAlerts" name="test_get_sms_history" time="0.295" /><testcase classname="backend.tests.test_p0_p1_features.TestExportReports" name="test_export_parcels_report_pdf" time="0.289" /><testcase classname="backend.tests.test_p0_p1_features.TestExportReports" name="test_export_sensors_report_word" time="0.293" /><testcase classname="backend.tests.test_p0_p1_features.TestExportReports" name="test_export_analytics_report" time="0.295" /><testcase classname="backend.tests.test_p0_p1_features.TestExportReports" name="test_export_parcels_csv" time="0.300" /><testcase classname="backend.tests.test_p0_p1_features.TestELearning" name="test_get_courses" time="0.285" /><testcase classname="backend.tests.test_p0_p1_features.TestELearning" name="test_enroll_course" time="0.331" /><testcase classname="backend.tests.test_p0_p1_features.TestELearning" name="test_get_my_courses" time="0.293" /><testcase classname="backend.tests.test_p0_p1_features.TestELearning" name="test_complete_module" time="0.366"><failure message="AssertionError: assert 'success' in {'certificate_earned': False, 'certificate_id': None, 'completed_modules': [0], 'progress_percent': 33}">backend/tests/test_p0_p1_features.py:422: in test_complete_module
    assert "success" in data
E   AssertionError: assert 'success' in {'certificate_earned': False, 'certificate_id': None, 'completed_modules': [0], 'progress_percent': 33}</failure></testcase><testcase classname="backend.tests.test_p0_p1_features.TestMultilingual" name="test_get_languages" time="0.034" /><testcase classname="backend.tests.test_p0_p1_features.TestMultilingual" name="test_get_french_translations" time="0.034" /><testcase classname="backend.tests.test_p0_p1_features.TestMultilingual" name="test_get_english_translations" time="0.032" /><testcase classname="backend.tests.test_p0_p1_features.TestMultilingual" name="test_get_ewondo_translations" time="0.033" /><testcase classname="backend.tests.test_p0_p1_features.TestMultilingual" name="test_get_fulbe_translations" time="0.034" /><testcase classname="backend.tests.test_p0_p1_features.TestMultilingual" name="test_fallback_to_french" time="0.031" /></testsuite></testsuites>