<?xml version="1.0" encoding="utf-8"?><testsuites name="pytest tests"><testsuite name="pytest" errors="0" failures="1" skipped="0" tests="26" time="61.724" timestamp="2026-03-04T16:37:41.714986+00:00" hostname="agent-env-ea50237e-2702-4d64-a301-acc64c78072d"><testcase classname="backend.tests.test_iteration16_p0_features.TestAuthentication" name="test_seed_database" time="1.127" /><testcase classname="backend.tests.test_iteration16_p0_features.TestAuthentication" name="test_admin_login" time="0.389" /><testcase classname="backend.tests.test_iteration16_p0_features.TestAuthentication" name="test_farmer_login" time="0.353" /><testcase classname="backend.tests.test_iteration16_p0_features.TestAgribotChatbot" name="test_chatbot_message_returns_response" time="1.415" /><testcase classname="backend.tests.test_iteration16_p0_features.TestAgribotChatbot" name="test_chatbot_cache_works" time="2.260" /><testcase classname="backend.tests.test_iteration16_p0_features.TestAgribotChatbot" name="test_chatbot_fallback_keywords" time="45.279" /><testcase classname="backend.tests.test_iteration16_p0_features.TestAdminAccessControl" name="test_admin_users_list" time="0.523" /><testcase classname="backend.tests.test_iteration16_p0_features.TestAdminAccessControl" name="test_grant_access" time="0.585" /><testcase classname="backend.tests.test_iteration16_p0_features.TestAdminAccessControl" name="test_update_access_revoke" time="0.609" /><testcase classname="backend.tests.test_iteration16_p0_features.TestAdminAccessControl" name="test_update_access_extend" time="0.755" /><testcase classname="backend.tests.test_iteration16_p0_features.TestAdminAccessControl" name="test_update_access_reduce" time="0.692" /><testcase classname="backend.tests.test_iteration16_p0_features.TestAdminAccessControl" name="test_expired_trials" time="0.443" /><testcase classname="backend.tests.test_iteration16_p0_features.TestAdminAccessControl" name="test_access_logs" time="0.451" /><testcase classname="backend.tests.test_iteration16_p0_features.TestUserActivityTracking" name="test_track_activity" time="0.489" /><testcase classname="backend.tests.test_iteration16_p0_features.TestUserActivityTracking" name="test_online_users" time="0.964" /><testcase classname="backend.tests.test_iteration16_p0_features.TestUserActivityTracking" name="test_tracking_stats" time="0.474" /><testcase classname="backend.tests.test_iteration16_p0_features.TestExitIntentCampaigns" name="test_exit_offers" time="0.441" /><testcase classname="backend.tests.test_iteration16_p0_features.TestExitIntentCampaigns" name="test_claim_offer" time="0.494"><failure message="assert 401 == 200&#10; +  where 401 = &lt;Response [401]&gt;.status_code">backend/tests/test_iteration16_p0_features.py:370: in test_claim_offer
    assert response.status_code == 200
E   assert 401 == 200
E    +  where 401 = &lt;Response [401]&gt;.status_code</failure></testcase><testcase classname="backend.tests.test_iteration16_p0_features.TestExitIntentCampaigns" name="test_campaign_stats" time="0.494" /><testcase classname="backend.tests.test_iteration16_p0_features.TestDatabaseBrowser" name="test_list_collections" time="0.461" /><testcase classname="backend.tests.test_iteration16_p0_features.TestDatabaseBrowser" name="test_browse_users_collection" time="0.434" /><testcase classname="backend.tests.test_iteration16_p0_features.TestDatabaseBrowser" name="test_browse_nonexistent_collection" time="0.478" /><testcase classname="backend.tests.test_iteration16_p0_features.TestDatabaseBrowser" name="test_browse_pagination" time="0.563" /><testcase classname="backend.tests.test_iteration16_p0_features.TestAccessControlAuthorization" name="test_farmer_cannot_access_admin_users" time="0.448" /><testcase classname="backend.tests.test_iteration16_p0_features.TestAccessControlAuthorization" name="test_farmer_cannot_grant_access" time="0.463" /><testcase classname="backend.tests.test_iteration16_p0_features.TestAccessControlAuthorization" name="test_farmer_cannot_access_database" time="0.483" /></testsuite></testsuites>