<?xml version="1.0" encoding="utf-8"?><testsuites name="pytest tests"><testsuite name="pytest" errors="0" failures="0" skipped="0" tests="11" time="2.668" timestamp="2026-04-25T13:57:45.539534+00:00" hostname="agent-env-0cd07be9-0af6-4684-8853-4cf243be8bb9"><testcase classname="backend.tests.test_iteration34_drone_management.TestDroneFleetAPI" name="test_get_fleet_returns_drones" time="0.132" /><testcase classname="backend.tests.test_iteration34_drone_management.TestDroneFleetAPI" name="test_create_drone" time="0.111" /><testcase classname="backend.tests.test_iteration34_drone_management.TestDroneMissionsAPI" name="test_get_missions_returns_list" time="0.103" /><testcase classname="backend.tests.test_iteration34_drone_management.TestDroneMissionsAPI" name="test_create_mission" time="0.112" /><testcase classname="backend.tests.test_iteration34_drone_management.TestDroneStatsAPI" name="test_get_stats" time="0.104" /><testcase classname="backend.tests.test_iteration34_drone_management.TestDroneTelemetrySimulation" name="test_simulation_telemetry_returns_data" time="0.114" /><testcase classname="backend.tests.test_iteration34_drone_management.TestDroneTelemetrySimulation" name="test_simulation_telemetry_changes_over_time" time="1.227" /><testcase classname="backend.tests.test_iteration34_drone_management.TestDronePhotosAPI" name="test_get_photos_returns_list" time="0.111" /><testcase classname="backend.tests.test_iteration34_drone_management.TestDronePhotosAPI" name="test_photos_have_valid_ndvi_values" time="0.102" /><testcase classname="backend.tests.test_iteration34_drone_management.TestSecurityDashboardRegression" name="test_admin_login_and_security_dashboard" time="0.464" /><testcase classname="backend.tests.test_iteration34_drone_management.TestGuidedTourTranslations" name="test_translations_endpoint_exists" time="0.000" /></testsuite></testsuites>