<?xml version="1.0" encoding="utf-8"?><testsuites name="pytest tests"><testsuite name="pytest" errors="0" failures="0" skipped="0" tests="25" time="96.698" timestamp="2026-03-13T05:15:17.077256+00:00" hostname="agent-env-18f9df42-7022-47ab-b2aa-c911ad433a0c"><testcase classname="tests.test_iteration22_agricam2_apis.TestPredictiveAPIs" name="test_platform_health" time="0.498" /><testcase classname="tests.test_iteration22_agricam2_apis.TestPredictiveAPIs" name="test_growth_forecast" time="0.053" /><testcase classname="tests.test_iteration22_agricam2_apis.TestPredictiveAPIs" name="test_security_alerts" time="0.053" /><testcase classname="tests.test_iteration22_agricam2_apis.TestPredictiveAPIs" name="test_ai_insights" time="14.434" /><testcase classname="tests.test_iteration22_agricam2_apis.TestAgriScoreAPIs" name="test_get_agri_scores_admin" time="0.054" /><testcase classname="tests.test_iteration22_agricam2_apis.TestAgriScoreAPIs" name="test_get_risk_zones_admin" time="0.051" /><testcase classname="tests.test_iteration22_agricam2_apis.TestAgriScoreAPIs" name="test_compute_agri_score" time="15.549" /><testcase classname="tests.test_iteration22_agricam2_apis.TestAgriScoreAPIs" name="test_insurance_simulate" time="0.055" /><testcase classname="tests.test_iteration22_agricam2_apis.TestDigitalTwinAPIs" name="test_get_simulations" time="0.052" /><testcase classname="tests.test_iteration22_agricam2_apis.TestDigitalTwinAPIs" name="test_run_simulation" time="11.933" /><testcase classname="tests.test_iteration22_agricam2_apis.TestDigitalTwinAPIs" name="test_genomic_analysis" time="11.073" /><testcase classname="tests.test_iteration22_agricam2_apis.TestDigitalTwinAPIs" name="test_get_seed_batches" time="0.064" /><testcase classname="tests.test_iteration22_agricam2_apis.TestBlockchainAPIs" name="test_get_traced_products" time="0.049" /><testcase classname="tests.test_iteration22_agricam2_apis.TestBlockchainAPIs" name="test_add_trace_entry" time="0.060" /><testcase classname="tests.test_iteration22_agricam2_apis.TestEpidemiologyAPIs" name="test_get_disease_alerts" time="0.057" /><testcase classname="tests.test_iteration22_agricam2_apis.TestEpidemiologyAPIs" name="test_predict_disease_spread" time="15.530" /><testcase classname="tests.test_iteration22_agricam2_apis.TestEpidemiologyAPIs" name="test_generate_intervention_plan" time="26.258" /><testcase classname="tests.test_iteration22_agricam2_apis.TestEpidemiologyAPIs" name="test_get_carbon_tracking" time="0.056" /><testcase classname="tests.test_iteration22_agricam2_apis.TestSupplierAnalyticsAPIs" name="test_get_demand_forecast" time="0.049" /><testcase classname="tests.test_iteration22_agricam2_apis.TestSupplierAnalyticsAPIs" name="test_get_logistics_optimization" time="0.049" /><testcase classname="tests.test_iteration22_agricam2_apis.TestSupplierAnalyticsAPIs" name="test_get_inventory_alerts" time="0.059" /><testcase classname="tests.test_iteration22_agricam2_apis.TestSupplierAnalyticsAPIs" name="test_get_revenue_analytics" time="0.051" /><testcase classname="tests.test_iteration22_agricam2_apis.TestRoleBasedAccess" name="test_admin_can_access_all" time="0.101" /><testcase classname="tests.test_iteration22_agricam2_apis.TestRoleBasedAccess" name="test_farmer_cannot_access_admin_apis" time="0.320" /><testcase classname="tests.test_iteration22_agricam2_apis.TestRoleBasedAccess" name="test_farmer_can_access_blockchain" time="0.048" /></testsuite></testsuites>