<?xml version="1.0" encoding="utf-8"?><testsuites name="pytest tests"><testsuite name="pytest" errors="0" failures="1" skipped="0" tests="14" time="2.444" timestamp="2026-02-16T04:03:44.363434+00:00" hostname="agent-env-9f2b6492-cc2f-46c4-b498-e4aa2b29b480"><testcase classname="backend.tests.test_phase1_features.TestWeatherAPI" name="test_weather_current_default_location" time="0.376" /><testcase classname="backend.tests.test_phase1_features.TestWeatherAPI" name="test_weather_current_custom_location" time="0.254" /><testcase classname="backend.tests.test_phase1_features.TestWeatherAPI" name="test_weather_forecast" time="0.254"><failure message="AssertionError: assert ('forecasts' in {'description': 'Partiellement nuageux', 'feels_like': 30.2, 'humidity': 65, 'icon': '02d', ...} or 'success' in {'description': 'Partiellement nuageux', 'feels_like': 30.2, 'humidity': 65, 'icon': '02d', ...})">backend/tests/test_phase1_features.py:47: in test_weather_forecast
    assert "forecasts" in data or "success" in data
E   AssertionError: assert ('forecasts' in {'description': 'Partiellement nuageux', 'feels_like': 30.2, 'humidity': 65, 'icon': '02d', ...} or 'success' in {'description': 'Partiellement nuageux', 'feels_like': 30.2, 'humidity': 65, 'icon': '02d', ...})</failure></testcase><testcase classname="backend.tests.test_phase1_features.TestZoneAnalysisAPI" name="test_zone_analysis_types" time="0.136" /><testcase classname="backend.tests.test_phase1_features.TestZoneAnalysisAPI" name="test_zone_analyze_ndvi" time="0.115" /><testcase classname="backend.tests.test_phase1_features.TestZoneAnalysisAPI" name="test_zone_analyze_multiple_types" time="0.104" /><testcase classname="backend.tests.test_phase1_features.TestZoneAnalysisAPI" name="test_zone_analyze_stress_detection" time="0.115" /><testcase classname="backend.tests.test_phase1_features.TestZoneAnalysisAPI" name="test_zone_analyze_disease_detection" time="0.107" /><testcase classname="backend.tests.test_phase1_features.TestLeadsAPI" name="test_create_lead_success" time="0.113" /><testcase classname="backend.tests.test_phase1_features.TestLeadsAPI" name="test_create_lead_missing_fields" time="0.113" /><testcase classname="backend.tests.test_phase1_features.TestLeadsAPI" name="test_create_lead_duplicate_email" time="0.295" /><testcase classname="backend.tests.test_phase1_features.TestLeadsAPI" name="test_get_leads_list" time="0.113" /><testcase classname="backend.tests.test_phase1_features.TestHealthAndBasicEndpoints" name="test_health_endpoint" time="0.104" /><testcase classname="backend.tests.test_phase1_features.TestHealthAndBasicEndpoints" name="test_api_root" time="0.107" /></testsuite></testsuites>