<?xml version="1.0" encoding="utf-8"?><testsuites name="pytest tests"><testsuite name="pytest" errors="0" failures="3" skipped="0" tests="28" time="18.201" timestamp="2026-01-28T09:03:55.539654+00:00" hostname="agent-env-4521e6ee-8a15-45c6-b445-ac38d95ecf74"><testcase classname="backend.tests.test_agricam_api.TestHealthAndRoot" name="test_health_endpoint" time="0.056" /><testcase classname="backend.tests.test_agricam_api.TestHealthAndRoot" name="test_root_endpoint" time="0.071" /><testcase classname="backend.tests.test_agricam_api.TestAuthentication" name="test_login_admin_success" time="0.259" /><testcase classname="backend.tests.test_agricam_api.TestAuthentication" name="test_login_farmer_success" time="0.264" /><testcase classname="backend.tests.test_agricam_api.TestAuthentication" name="test_login_invalid_credentials" time="0.036" /><testcase classname="backend.tests.test_agricam_api.TestAuthentication" name="test_auth_me_with_token" time="0.296" /><testcase classname="backend.tests.test_agricam_api.TestAuthentication" name="test_auth_me_without_token" time="0.040" /><testcase classname="backend.tests.test_agricam_api.TestChatbot" name="test_chatbot_message_success" time="12.960" /><testcase classname="backend.tests.test_agricam_api.TestChatbot" name="test_chatbot_message_without_auth" time="0.061" /><testcase classname="backend.tests.test_agricam_api.TestChatbot" name="test_chatbot_history" time="0.298" /><testcase classname="backend.tests.test_agricam_api.TestLearningModules" name="test_get_all_modules" time="0.032" /><testcase classname="backend.tests.test_agricam_api.TestLearningModules" name="test_get_module_by_id" time="0.033" /><testcase classname="backend.tests.test_agricam_api.TestLearningModules" name="test_get_module_not_found" time="0.035" /><testcase classname="backend.tests.test_agricam_api.TestLearningModules" name="test_filter_modules_by_category" time="0.034" /><testcase classname="backend.tests.test_agricam_api.TestLearningModules" name="test_filter_modules_by_difficulty" time="0.031" /><testcase classname="backend.tests.test_agricam_api.TestPayments" name="test_create_checkout_session" time="0.751" /><testcase classname="backend.tests.test_agricam_api.TestPayments" name="test_create_checkout_invalid_package" time="0.296" /><testcase classname="backend.tests.test_agricam_api.TestPayments" name="test_create_checkout_without_auth" time="0.031" /><testcase classname="backend.tests.test_agricam_api.TestDashboard" name="test_dashboard_stats_public" time="0.042" /><testcase classname="backend.tests.test_agricam_api.TestDashboard" name="test_dashboard_stats_authenticated" time="0.332" /><testcase classname="backend.tests.test_agricam_api.TestParcels" name="test_get_parcels" time="0.293" /><testcase classname="backend.tests.test_agricam_api.TestParcels" name="test_create_parcel" time="0.303"><failure message="assert 520 == 200&#10; +  where 520 = &lt;Response [520]&gt;.status_code">backend/tests/test_agricam_api.py:317: in test_create_parcel
    assert response.status_code == 200
E   assert 520 == 200
E    +  where 520 = &lt;Response [520]&gt;.status_code</failure></testcase><testcase classname="backend.tests.test_agricam_api.TestAdminEndpoints" name="test_admin_dashboard" time="0.295"><failure message="AssertionError: assert 'users_by_role' in {'active_subscriptions': 4, 'pending_verifications': 0, 'revenue_month': 60000, 'total_farmers': 1, ...}">backend/tests/test_agricam_api.py:344: in test_admin_dashboard
    assert "users_by_role" in data
E   AssertionError: assert 'users_by_role' in {'active_subscriptions': 4, 'pending_verifications': 0, 'revenue_month': 60000, 'total_farmers': 1, ...}</failure></testcase><testcase classname="backend.tests.test_agricam_api.TestAdminEndpoints" name="test_admin_users_list" time="0.290" /><testcase classname="backend.tests.test_agricam_api.TestWeather" name="test_get_weather" time="0.030" /><testcase classname="backend.tests.test_agricam_api.TestSensors" name="test_get_sensors" time="0.335" /><testcase classname="backend.tests.test_agricam_api.TestSensors" name="test_get_sensors_stats" time="0.287"><failure message="AssertionError: assert 'total_sensors' in {'actif': 4, 'erreur': 1, 'inactif': 0, 'total': 5}">backend/tests/test_agricam_api.py:401: in test_get_sensors_stats
    assert "total_sensors" in data
E   AssertionError: assert 'total_sensors' in {'actif': 4, 'erreur': 1, 'inactif': 0, 'total': 5}</failure></testcase><testcase classname="backend.tests.test_agricam_api.TestAlerts" name="test_get_alerts" time="0.290" /></testsuite></testsuites>