<?xml version="1.0" encoding="utf-8"?><testsuites name="pytest tests"><testsuite name="pytest" errors="0" failures="1" skipped="0" tests="20" time="6.195" timestamp="2026-02-08T21:19:43.038358+00:00" hostname="agent-env-81d63623-fd9c-456c-94a3-37787d3a6cac"><testcase classname="backend.tests.test_p2_features.TestHealthCheck" name="test_api_health" time="0.092" /><testcase classname="backend.tests.test_p2_features.TestAuthentication" name="test_admin_login" time="0.266" /><testcase classname="backend.tests.test_p2_features.TestAuthentication" name="test_farmer_login" time="0.286" /><testcase classname="backend.tests.test_p2_features.TestMobileMoneyPayment" name="test_payment_history" time="0.315" /><testcase classname="backend.tests.test_p2_features.TestMobileMoneyPayment" name="test_initiate_orange_money_payment" time="0.328" /><testcase classname="backend.tests.test_p2_features.TestMobileMoneyPayment" name="test_initiate_mtn_momo_payment" time="0.300" /><testcase classname="backend.tests.test_p2_features.TestRobotControl" name="test_get_robot_status" time="0.301" /><testcase classname="backend.tests.test_p2_features.TestRobotControl" name="test_get_3d_map" time="0.344" /><testcase classname="backend.tests.test_p2_features.TestRobotControl" name="test_robot_control_start" time="0.341" /><testcase classname="backend.tests.test_p2_features.TestRobotControl" name="test_robot_control_scan" time="0.338" /><testcase classname="backend.tests.test_p2_features.TestRobotControl" name="test_robot_control_capture_3d" time="0.333" /><testcase classname="backend.tests.test_p2_features.TestCameraIA" name="test_get_live_stats" time="0.303" /><testcase classname="backend.tests.test_p2_features.TestCameraIA" name="test_analyze_frame" time="0.306"><failure message="assert 520 == 200&#10; +  where 520 = &lt;Response [520]&gt;.status_code">backend/tests/test_p2_features.py:250: in test_analyze_frame
    assert response.status_code == 200
E   assert 520 == 200
E    +  where 520 = &lt;Response [520]&gt;.status_code</failure></testcase><testcase classname="backend.tests.test_p2_features.TestDevAnalytics" name="test_get_overview" time="0.303" /><testcase classname="backend.tests.test_p2_features.TestDevAnalytics" name="test_get_users" time="0.295" /><testcase classname="backend.tests.test_p2_features.TestDevAnalytics" name="test_get_activity_log" time="0.297" /><testcase classname="backend.tests.test_p2_features.TestDevAnalytics" name="test_get_seo_report" time="0.315" /><testcase classname="backend.tests.test_p2_features.TestDevAnalytics" name="test_validate_subscription" time="0.375" /><testcase classname="backend.tests.test_p2_features.TestAccessControl" name="test_farmer_can_access_payment_history" time="0.297" /><testcase classname="backend.tests.test_p2_features.TestAccessControl" name="test_farmer_can_initiate_payment" time="0.301" /></testsuite></testsuites>