<?xml version="1.0" encoding="utf-8"?><testsuites name="pytest tests"><testsuite name="pytest" errors="0" failures="0" skipped="0" tests="6" time="1.592" timestamp="2026-05-06T02:39:50.427746+00:00" hostname="agent-env-0cd07be9-0af6-4684-8853-4cf243be8bb9"><testcase classname="backend.tests.test_iteration35_parcels.TestParcelsAPI" name="test_create_minimal_payload" time="0.687" /><testcase classname="backend.tests.test_iteration35_parcels.TestParcelsAPI" name="test_create_full_payload" time="0.177" /><testcase classname="backend.tests.test_iteration35_parcels.TestParcelsAPI" name="test_create_missing_name_returns_422" time="0.144" /><testcase classname="backend.tests.test_iteration35_parcels.TestParcelsAPI" name="test_create_empty_name_returns_422" time="0.212" /><testcase classname="backend.tests.test_iteration35_parcels.TestParcelsAPI" name="test_list_parcels" time="0.200" /><testcase classname="backend.tests.test_iteration35_parcels.TestParcelsAPI" name="test_unauthorized_create_rejected" time="0.119" /></testsuite></testsuites>