<?xml version="1.0" encoding="utf-8"?><testsuites name="pytest tests"><testsuite name="pytest" errors="0" failures="2" skipped="0" tests="17" time="97.303" timestamp="2026-02-27T08:18:05.966822+00:00" hostname="agent-env-38e1ca73-36bb-4006-9595-d51c5c21a6ee"><testcase classname="backend.tests.test_major_ui_features.TestClimateNotifications" name="test_get_climate_notifications" time="0.265" /><testcase classname="backend.tests.test_major_ui_features.TestClimateNotifications" name="test_climate_notifications_with_field_id" time="0.142" /><testcase classname="backend.tests.test_major_ui_features.TestAgribotIAChat" name="test_agribot_chat" time="26.526" /><testcase classname="backend.tests.test_major_ui_features.TestAgribotIAChat" name="test_agribot_predict_yield" time="29.606" /><testcase classname="backend.tests.test_major_ui_features.TestAgribotIAChat" name="test_agribot_analyze_soil" time="38.977" /><testcase classname="backend.tests.test_major_ui_features.TestAgribotIAChat" name="test_agribot_predict_disease_spread" time="0.234"><failure message="assert 422 == 200&#10; +  where 422 = &lt;Response [422]&gt;.status_code">backend/tests/test_major_ui_features.py:142: in test_agribot_predict_disease_spread
    assert response.status_code == 200
E   assert 422 == 200
E    +  where 422 = &lt;Response [422]&gt;.status_code</failure></testcase><testcase classname="backend.tests.test_major_ui_features.TestAgribotIAChat" name="test_agribot_ecological_advice" time="0.135"><failure message="assert 422 == 200&#10; +  where 422 = &lt;Response [422]&gt;.status_code">backend/tests/test_major_ui_features.py:155: in test_agribot_ecological_advice
    assert response.status_code == 200
E   assert 422 == 200
E    +  where 422 = &lt;Response [422]&gt;.status_code</failure></testcase><testcase classname="backend.tests.test_major_ui_features.TestCameraIA" name="test_camera_ai_live_stats" time="0.112" /><testcase classname="backend.tests.test_major_ui_features.TestCameraIA" name="test_camera_ai_analyze_frame" time="0.101" /><testcase classname="backend.tests.test_major_ui_features.TestDevAnalytics" name="test_dev_analytics_overview" time="0.111" /><testcase classname="backend.tests.test_major_ui_features.TestDevAnalytics" name="test_dev_analytics_users" time="0.103" /><testcase classname="backend.tests.test_major_ui_features.TestDevAnalytics" name="test_dev_analytics_activity_log" time="0.099" /><testcase classname="backend.tests.test_major_ui_features.TestDevAnalytics" name="test_dev_analytics_seo_report" time="0.097" /><testcase classname="backend.tests.test_major_ui_features.TestDevAnalytics" name="test_dev_analytics_validate_subscription" time="0.212" /><testcase classname="backend.tests.test_major_ui_features.TestParcelsEnhancements" name="test_get_parcels_with_country_field" time="0.109" /><testcase classname="backend.tests.test_major_ui_features.TestParcelsEnhancements" name="test_create_parcel_with_country" time="0.214" /><testcase classname="backend.tests.test_major_ui_features.TestHealthCheck" name="test_health_endpoint" time="0.107" /></testsuite></testsuites>