<?xml version="1.0" encoding="utf-8"?><testsuites name="pytest tests"><testsuite name="pytest" errors="0" failures="0" skipped="0" tests="19" time="7.289" timestamp="2026-03-13T03:41:28.503839+00:00" hostname="agent-env-a30b3a49-86c3-4bae-a48e-ec15d41aea38"><testcase classname="tests.test_iteration20_features.TestHealthAndSetup" name="test_api_health" time="0.205" /><testcase classname="tests.test_iteration20_features.TestHealthAndSetup" name="test_api_root" time="0.138" /><testcase classname="tests.test_iteration20_features.TestDemoAccountLogins" name="test_demo_login[admin]" time="0.401" /><testcase classname="tests.test_iteration20_features.TestDemoAccountLogins" name="test_demo_login[farmer]" time="0.377" /><testcase classname="tests.test_iteration20_features.TestDemoAccountLogins" name="test_demo_login[supplier]" time="0.370" /><testcase classname="tests.test_iteration20_features.TestDemoAccountLogins" name="test_demo_login[financial]" time="0.391" /><testcase classname="tests.test_iteration20_features.TestDemoAccountLogins" name="test_demo_login[seed_analyst]" time="0.396" /><testcase classname="tests.test_iteration20_features.TestDemoAccountLogins" name="test_demo_login[agronomist]" time="0.363" /><testcase classname="tests.test_iteration20_features.TestPaymentAPIs" name="test_get_payment_packages" time="0.122" /><testcase classname="tests.test_iteration20_features.TestPaymentAPIs" name="test_get_payment_providers" time="0.204" /><testcase classname="tests.test_iteration20_features.TestSubscriptionStatus" name="test_subscription_status" time="0.502" /><testcase classname="tests.test_iteration20_features.TestSubscriptionStatus" name="test_subscription_status_requires_auth" time="0.162" /><testcase classname="tests.test_iteration20_features.TestDashboardAPIs" name="test_admin_dashboard" time="0.484" /><testcase classname="tests.test_iteration20_features.TestDashboardAPIs" name="test_admin_users_list" time="0.526" /><testcase classname="tests.test_iteration20_features.TestDashboardAPIs" name="test_dashboard_stats" time="0.492" /><testcase classname="tests.test_iteration20_features.TestRoleSpecificAccess" name="test_supplier_can_access_dashboard" time="0.556" /><testcase classname="tests.test_iteration20_features.TestRoleSpecificAccess" name="test_bank_can_access_financial" time="0.483" /><testcase classname="tests.test_iteration20_features.TestParcelsAPI" name="test_get_parcels" time="0.488" /><testcase classname="tests.test_iteration20_features.TestAlertsAPI" name="test_get_alerts" time="0.495" /></testsuite></testsuites>