<?xml version="1.0" encoding="utf-8"?><testsuites name="pytest tests"><testsuite name="pytest" errors="0" failures="0" skipped="0" tests="14" time="2.827" timestamp="2026-02-16T04:04:11.636267+00:00" hostname="agent-env-9f2b6492-cc2f-46c4-b498-e4aa2b29b480"><testcase classname="backend.tests.test_phase1_features.TestWeatherAPI" name="test_weather_current_default_location" time="0.294" /><testcase classname="backend.tests.test_phase1_features.TestWeatherAPI" name="test_weather_current_custom_location" time="0.249" /><testcase classname="backend.tests.test_phase1_features.TestWeatherAPI" name="test_weather_forecast" time="0.263" /><testcase classname="backend.tests.test_phase1_features.TestZoneAnalysisAPI" name="test_zone_analysis_types" time="0.114" /><testcase classname="backend.tests.test_phase1_features.TestZoneAnalysisAPI" name="test_zone_analyze_ndvi" time="0.120" /><testcase classname="backend.tests.test_phase1_features.TestZoneAnalysisAPI" name="test_zone_analyze_multiple_types" time="0.110" /><testcase classname="backend.tests.test_phase1_features.TestZoneAnalysisAPI" name="test_zone_analyze_stress_detection" time="0.127" /><testcase classname="backend.tests.test_phase1_features.TestZoneAnalysisAPI" name="test_zone_analyze_disease_detection" time="0.125" /><testcase classname="backend.tests.test_phase1_features.TestLeadsAPI" name="test_create_lead_success" time="0.124" /><testcase classname="backend.tests.test_phase1_features.TestLeadsAPI" name="test_create_lead_missing_fields" time="0.588" /><testcase classname="backend.tests.test_phase1_features.TestLeadsAPI" name="test_create_lead_duplicate_email" time="0.271" /><testcase classname="backend.tests.test_phase1_features.TestLeadsAPI" name="test_get_leads_list" time="0.142" /><testcase classname="backend.tests.test_phase1_features.TestHealthAndBasicEndpoints" name="test_health_endpoint" time="0.128" /><testcase classname="backend.tests.test_phase1_features.TestHealthAndBasicEndpoints" name="test_api_root" time="0.102" /></testsuite></testsuites>