<?xml version="1.0" encoding="utf-8"?><testsuites name="pytest tests"><testsuite name="pytest" errors="0" failures="0" skipped="0" tests="8" time="3.980" timestamp="2026-03-13T14:14:07.923022+00:00" hostname="agent-env-f5892ce2-393d-4562-a29c-d6b699494fb0"><testcase classname="backend.tests.test_iteration23_payments.TestPaymentBackendAPIs" name="test_01_login_with_farmer_credentials" time="0.815" /><testcase classname="backend.tests.test_iteration23_payments.TestPaymentBackendAPIs" name="test_02_subscription_status_returns_200_with_token" time="0.416" /><testcase classname="backend.tests.test_iteration23_payments.TestPaymentBackendAPIs" name="test_03_get_packages" time="0.410" /><testcase classname="backend.tests.test_iteration23_payments.TestPaymentBackendAPIs" name="test_04_request_payment_creates_order" time="0.478" /><testcase classname="backend.tests.test_iteration23_payments.TestPaymentBackendAPIs" name="test_05_check_payment_status_success" time="0.424" /><testcase classname="backend.tests.test_iteration23_payments.TestPaymentBackendAPIs" name="test_06_payment_history_returns_list" time="0.387" /><testcase classname="backend.tests.test_iteration23_payments.TestPaymentBackendAPIs" name="test_07_subscription_status_no_401_after_payment_request" time="0.516" /><testcase classname="backend.tests.test_iteration23_payments.TestPaymentProviders" name="test_get_providers" time="0.411" /></testsuite></testsuites>