<?xml version="1.0" encoding="utf-8"?><testsuites name="pytest tests"><testsuite name="pytest" errors="0" failures="0" skipped="1" tests="13" time="4.184" timestamp="2026-04-23T14:16:43.398893+00:00" hostname="agent-env-0cd07be9-0af6-4684-8853-4cf243be8bb9"><testcase classname="backend.tests.test_iteration33_security.TestSecurityDashboard" name="test_admin_login_success" time="0.391" /><testcase classname="backend.tests.test_iteration33_security.TestSecurityDashboard" name="test_login_failed_creates_security_log" time="0.107" /><testcase classname="backend.tests.test_iteration33_security.TestSecurityDashboard" name="test_security_dashboard_admin_access" time="0.416" /><testcase classname="backend.tests.test_iteration33_security.TestSecurityDashboard" name="test_security_dashboard_non_admin_denied" time="0.161"><skipped type="pytest.skip" message="Farmer login failed: 401 - {&quot;detail&quot;:&quot;Email ou mot de passe incorrect&quot;}">/app/backend/tests/test_iteration33_security.py:51: Farmer login failed: 401 - {"detail":"Email ou mot de passe incorrect"}</skipped></testcase><testcase classname="backend.tests.test_iteration33_security.TestSecurityDashboard" name="test_security_logs_contain_login_activity" time="0.421" /><testcase classname="backend.tests.test_iteration33_security.TestSecurityDashboard" name="test_security_score_calculation" time="0.401" /><testcase classname="backend.tests.test_iteration33_security.TestTrainerFileUploads" name="test_trainer_login" time="0.344" /><testcase classname="backend.tests.test_iteration33_security.TestTrainerFileUploads" name="test_trainer_trainings_endpoint" time="0.398" /><testcase classname="backend.tests.test_iteration33_security.TestTrainerFileUploads" name="test_trainer_ebooks_endpoint" time="0.394" /><testcase classname="backend.tests.test_iteration33_security.TestTrainerFileUploads" name="test_trainer_create_training" time="0.422" /><testcase classname="backend.tests.test_iteration33_security.TestTrainerFileUploads" name="test_trainer_create_ebook" time="0.413" /><testcase classname="backend.tests.test_iteration33_security.TestHealthAndBasicEndpoints" name="test_health_endpoint" time="0.109" /><testcase classname="backend.tests.test_iteration33_security.TestHealthAndBasicEndpoints" name="test_landing_page_loads" time="0.137" /></testsuite></testsuites>