<?xml version="1.0" encoding="utf-8"?><testsuites name="pytest tests"><testsuite name="pytest" errors="0" failures="1" skipped="0" tests="27" time="10.185" timestamp="2026-03-06T17:03:18.842937+00:00" hostname="agent-env-ea50237e-2702-4d64-a301-acc64c78072d"><testcase classname="backend.tests.test_iteration17_features.TestAuthentication" name="test_admin_login" time="0.433" /><testcase classname="backend.tests.test_iteration17_features.TestAuthentication" name="test_farmer_login" time="0.343" /><testcase classname="backend.tests.test_iteration17_features.TestCRMEndpoints" name="test_crm_contacts" time="0.512" /><testcase classname="backend.tests.test_iteration17_features.TestCRMEndpoints" name="test_crm_transactions" time="0.131" /><testcase classname="backend.tests.test_iteration17_features.TestCRMEndpoints" name="test_revenue_stats" time="0.140" /><testcase classname="backend.tests.test_iteration17_features.TestCRMEndpoints" name="test_crm_unauthorized_without_token" time="0.111" /><testcase classname="backend.tests.test_iteration17_features.TestCRMEndpoints" name="test_crm_forbidden_for_farmer" time="0.460" /><testcase classname="backend.tests.test_iteration17_features.TestFormationsEndpoints" name="test_get_formations_public" time="0.107" /><testcase classname="backend.tests.test_iteration17_features.TestFormationsEndpoints" name="test_create_formation_admin" time="0.141" /><testcase classname="backend.tests.test_iteration17_features.TestFormationsEndpoints" name="test_create_formation_unauthorized" time="0.115" /><testcase classname="backend.tests.test_iteration17_features.TestAdminAccessControl" name="test_get_admin_users" time="0.172" /><testcase classname="backend.tests.test_iteration17_features.TestAdminAccessControl" name="test_grant_access" time="0.246" /><testcase classname="backend.tests.test_iteration17_features.TestAdminAccessControl" name="test_access_logs" time="0.122" /><testcase classname="backend.tests.test_iteration17_features.TestDataExport" name="test_export_users_csv" time="0.111" /><testcase classname="backend.tests.test_iteration17_features.TestDataExport" name="test_export_users_json" time="0.116" /><testcase classname="backend.tests.test_iteration17_features.TestDataExport" name="test_export_parcels" time="0.120" /><testcase classname="backend.tests.test_iteration17_features.TestDataExport" name="test_export_nonexistent_collection" time="0.130" /><testcase classname="backend.tests.test_iteration17_features.TestDatabaseBrowser" name="test_list_collections" time="0.157"><failure message="AssertionError: assert False&#10; +  where False = isinstance({'collections': [{'count': 8, 'name': 'access_logs'}, {'count': 2, 'name': 'aerial_images'}, {'count': 3, 'name': 'alerts'}, {'count': 19, 'name': 'camera_analyses'}, {'count': 1, 'name': 'campaign_claims'}, {'count': 0, 'name': 'chatbot_logs'}, ...], 'database': 'test_database'}, list)">backend/tests/test_iteration17_features.py:259: in test_list_collections
    assert isinstance(data, list)
E   AssertionError: assert False
E    +  where False = isinstance({'collections': [{'count': 8, 'name': 'access_logs'}, {'count': 2, 'name': 'aerial_images'}, {'count': 3, 'name': 'alerts'}, {'count': 19, 'name': 'camera_analyses'}, {'count': 1, 'name': 'campaign_claims'}, {'count': 0, 'name': 'chatbot_logs'}, ...], 'database': 'test_database'}, list)</failure></testcase><testcase classname="backend.tests.test_iteration17_features.TestDatabaseBrowser" name="test_browse_users_collection" time="0.118" /><testcase classname="backend.tests.test_iteration17_features.TestTrackingAndCampaigns" name="test_users_online" time="0.135" /><testcase classname="backend.tests.test_iteration17_features.TestTrackingAndCampaigns" name="test_tracking_stats" time="0.111" /><testcase classname="backend.tests.test_iteration17_features.TestTrackingAndCampaigns" name="test_campaign_stats" time="0.112" /><testcase classname="backend.tests.test_iteration17_features.TestAgribotIAEndpoints" name="test_agribot_chat" time="5.302" /><testcase classname="backend.tests.test_iteration17_features.TestParcelsEndpoints" name="test_get_parcels" time="0.157" /><testcase classname="backend.tests.test_iteration17_features.TestIrrigationEndpoints" name="test_get_irrigation_systems" time="0.108" /><testcase classname="backend.tests.test_iteration17_features.TestIrrigationEndpoints" name="test_irrigation_stats" time="0.166" /><testcase classname="backend.tests.test_iteration17_features.TestSatelliteEndpoints" name="test_get_aerial_images" time="0.144" /></testsuite></testsuites>