<?xml version="1.0" encoding="utf-8"?><testsuites name="pytest tests"><testsuite name="pytest" errors="0" failures="0" skipped="0" tests="18" time="5.943" timestamp="2026-03-12T01:21:47.626292+00:00" hostname="agent-env-ea50237e-2702-4d64-a301-acc64c78072d"><testcase classname="backend.tests.test_iteration18_features.TestAuth" name="test_login_admin" time="0.406" /><testcase classname="backend.tests.test_iteration18_features.TestSEOEndpoints" name="test_seo_sitemap_returns_xml" time="0.215" /><testcase classname="backend.tests.test_iteration18_features.TestSEOEndpoints" name="test_seo_robots_returns_text" time="0.126" /><testcase classname="backend.tests.test_iteration18_features.TestSEOEndpoints" name="test_seo_meta_home" time="0.163" /><testcase classname="backend.tests.test_iteration18_features.TestSEOEndpoints" name="test_seo_meta_solutions" time="0.114" /><testcase classname="backend.tests.test_iteration18_features.TestSEOEndpoints" name="test_seo_meta_pricing" time="0.279" /><testcase classname="backend.tests.test_iteration18_features.TestAIVideoRecognition" name="test_video_recognize_drone_source" time="0.480" /><testcase classname="backend.tests.test_iteration18_features.TestAIVideoRecognition" name="test_video_recognize_robot_source" time="0.501" /><testcase classname="backend.tests.test_iteration18_features.TestAI3DReconstruction" name="test_3d_reconstruct_robot_source" time="0.483" /><testcase classname="backend.tests.test_iteration18_features.TestAI3DReconstruction" name="test_3d_reconstruct_drone_source" time="0.503" /><testcase classname="backend.tests.test_iteration18_features.TestTrialExpiryNotifications" name="test_send_trial_expiry_notifications" time="0.477" /><testcase classname="backend.tests.test_iteration18_features.TestTrialExpiryNotifications" name="test_get_notification_history" time="0.465" /><testcase classname="backend.tests.test_iteration18_features.TestMyNotifications" name="test_get_my_notifications" time="0.483" /><testcase classname="backend.tests.test_iteration18_features.TestMyNotifications" name="test_get_my_notifications_without_auth" time="0.114" /><testcase classname="backend.tests.test_iteration18_features.TestTranslationsCount" name="test_supported_languages_count" time="0.000" /><testcase classname="backend.tests.test_iteration18_features.TestExistingCoreAPIs" name="test_health_endpoint" time="0.134" /><testcase classname="backend.tests.test_iteration18_features.TestExistingCoreAPIs" name="test_weather_api" time="0.351" /><testcase classname="backend.tests.test_iteration18_features.TestExistingCoreAPIs" name="test_parcels_api" time="0.510" /></testsuite></testsuites>