<?xml version="1.0" encoding="utf-8"?><testsuites name="pytest tests"><testsuite name="pytest" errors="0" failures="0" skipped="0" tests="9" time="42.261" timestamp="2026-03-27T04:52:24.578973+00:00" hostname="agent-env-0cd07be9-0af6-4684-8853-4cf243be8bb9"><testcase classname="backend.tests.test_digital_twin.TestSeedBatches" name="test_get_seed_batches" time="0.587" /><testcase classname="backend.tests.test_digital_twin.TestSeedBatches" name="test_create_seed_batch" time="0.103" /><testcase classname="backend.tests.test_digital_twin.TestSeedBatches" name="test_update_batch_status" time="0.151" /><testcase classname="backend.tests.test_digital_twin.TestGenomicAnalysis" name="test_genomic_analysis" time="9.897" /><testcase classname="backend.tests.test_digital_twin.TestCrossingSimulation" name="test_crossing_simulation" time="15.697" /><testcase classname="backend.tests.test_digital_twin.TestClimateAdaptation" name="test_climate_adaptation" time="15.378" /><testcase classname="backend.tests.test_digital_twin.TestExport" name="test_export_csv" time="0.140" /><testcase classname="backend.tests.test_digital_twin.TestExport" name="test_export_json" time="0.105" /><testcase classname="backend.tests.test_digital_twin.TestSimulations" name="test_get_simulations" time="0.127" /></testsuite></testsuites>