<?xml version="1.0" encoding="utf-8"?><testsuites name="pytest tests"><testsuite name="pytest" errors="0" failures="0" skipped="0" tests="16" time="106.487" timestamp="2026-03-13T04:47:47.143997+00:00" hostname="agent-env-18f9df42-7022-47ab-b2aa-c911ad433a0c"><testcase classname="backend.tests.test_iteration21_features.TestAuthLogin" name="test_admin_login" time="0.449" /><testcase classname="backend.tests.test_iteration21_features.TestAuthLogin" name="test_farmer_login" time="0.338" /><testcase classname="backend.tests.test_iteration21_features.TestAuthLogin" name="test_invalid_login" time="0.136" /><testcase classname="backend.tests.test_iteration21_features.TestCameraIAEndpoints" name="test_get_camera_scans" time="0.443" /><testcase classname="backend.tests.test_iteration21_features.TestCameraIAEndpoints" name="test_camera_analyze_general_mode" time="17.133" /><testcase classname="backend.tests.test_iteration21_features.TestCameraIAEndpoints" name="test_camera_analyze_disease_mode" time="15.909" /><testcase classname="backend.tests.test_iteration21_features.TestCameraIAEndpoints" name="test_camera_analyze_pest_mode" time="19.890" /><testcase classname="backend.tests.test_iteration21_features.TestCameraIAEndpoints" name="test_camera_analyze_nutrition_mode" time="15.749" /><testcase classname="backend.tests.test_iteration21_features.TestCameraIAEndpoints" name="test_camera_analyze_soil_mode" time="16.926" /><testcase classname="backend.tests.test_iteration21_features.TestSatelliteAnalysis" name="test_satellite_zone_analyze" time="17.033" /><testcase classname="backend.tests.test_iteration21_features.TestUserProfileUpdate" name="test_update_onboarding_completed" time="0.493" /><testcase classname="backend.tests.test_iteration21_features.TestUserProfileUpdate" name="test_update_multiple_fields" time="0.439" /><testcase classname="backend.tests.test_iteration21_features.TestAPIBasics" name="test_health_check" time="0.097" /><testcase classname="backend.tests.test_iteration21_features.TestAPIBasics" name="test_dashboard_stats_auth" time="0.470" /><testcase classname="backend.tests.test_iteration21_features.TestAPIBasics" name="test_parcels_list" time="0.430" /><testcase classname="backend.tests.test_iteration21_features.TestAPIBasics" name="test_alerts_list" time="0.447" /></testsuite></testsuites>