<?xml version="1.0" encoding="utf-8"?><testsuites name="pytest tests"><testsuite name="pytest" errors="0" failures="0" skipped="0" tests="13" time="3.946" timestamp="2026-03-19T16:09:19.894031+00:00" hostname="agent-env-f5892ce2-393d-4562-a29c-d6b699494fb0"><testcase classname="backend.tests.test_iteration26_map_admin.TestMapSuppliersAPI" name="test_get_suppliers_no_auth" time="0.295" /><testcase classname="backend.tests.test_iteration26_map_admin.TestMapSuppliersAPI" name="test_get_suppliers_with_coordinates_returns_distance" time="0.127" /><testcase classname="backend.tests.test_iteration26_map_admin.TestMapSuppliersAPI" name="test_get_suppliers_filter_by_category" time="0.132" /><testcase classname="backend.tests.test_iteration26_map_admin.TestMapSuppliersAPI" name="test_get_suppliers_filter_by_culture" time="0.115" /><testcase classname="backend.tests.test_iteration26_map_admin.TestMapSuppliersAPI" name="test_get_suppliers_filter_by_need" time="0.143" /><testcase classname="backend.tests.test_iteration26_map_admin.TestMapSuppliersAPI" name="test_get_suppliers_combined_filters" time="0.116" /><testcase classname="backend.tests.test_iteration26_map_admin.TestMapSuppliersAPI" name="test_get_seasons" time="0.111" /><testcase classname="backend.tests.test_iteration26_map_admin.TestMapSuppliersAPI" name="test_get_categories" time="0.104" /><testcase classname="backend.tests.test_iteration26_map_admin.TestMapSuppliersAPI" name="test_create_supplier_as_admin" time="0.436" /><testcase classname="backend.tests.test_iteration26_map_admin.TestAdminBlockUnblockUsers" name="test_admin_can_block_user" time="0.508" /><testcase classname="backend.tests.test_iteration26_map_admin.TestAdminBlockUnblockUsers" name="test_admin_can_unblock_user" time="0.615" /><testcase classname="backend.tests.test_iteration26_map_admin.TestAdminBlockUnblockUsers" name="test_blocked_user_cannot_login" time="0.718" /><testcase classname="backend.tests.test_iteration26_map_admin.TestCleanup" name="test_cleanup_test_suppliers" time="0.445" /></testsuite></testsuites>