<?xml version="1.0" encoding="utf-8"?><testsuites name="pytest tests"><testsuite name="pytest" errors="0" failures="0" skipped="0" tests="6" time="1.663" timestamp="2026-05-06T04:32:19.921932+00:00" hostname="agent-env-0cd07be9-0af6-4684-8853-4cf243be8bb9"><testcase classname="backend.tests.test_iteration37_admin_analytics.TestAdminAnalyticsPresentation" name="test_admin_can_access_returns_200" time="0.605" /><testcase classname="backend.tests.test_iteration37_admin_analytics.TestAdminAnalyticsPresentation" name="test_response_has_all_required_top_level_keys" time="0.167" /><testcase classname="backend.tests.test_iteration37_admin_analytics.TestAdminAnalyticsPresentation" name="test_kpi_values_are_nonzero_and_match_seed" time="0.129" /><testcase classname="backend.tests.test_iteration37_admin_analytics.TestAdminAnalyticsPresentation" name="test_chart_arrays_are_lists_and_not_empty" time="0.148" /><testcase classname="backend.tests.test_iteration37_admin_analytics.TestAdminAnalyticsPresentation" name="test_non_admin_gets_403" time="0.450" /><testcase classname="backend.tests.test_iteration37_admin_analytics.TestAdminAnalyticsPresentation" name="test_unauthenticated_gets_401_or_403" time="0.107" /></testsuite></testsuites>