<?xml version="1.0" encoding="utf-8"?><testsuites name="pytest tests"><testsuite name="pytest" errors="0" failures="0" skipped="0" tests="22" time="4.875" timestamp="2026-02-08T17:42:03.735155+00:00" hostname="agent-env-4998189f-167f-4727-a4f3-2691a6f79752"><testcase classname="backend.tests.test_p0_p1_features.TestHealth" name="test_api_health" time="0.077" /><testcase classname="backend.tests.test_p0_p1_features.TestAuthentication" name="test_farmer_login" time="0.258" /><testcase classname="backend.tests.test_p0_p1_features.TestAuthentication" name="test_admin_login" time="0.259" /><testcase classname="backend.tests.test_p0_p1_features.TestAIRecommendations" name="test_generate_ai_recommendations" time="0.299" /><testcase classname="backend.tests.test_p0_p1_features.TestSMSAlerts" name="test_send_sms_alert" time="0.295" /><testcase classname="backend.tests.test_p0_p1_features.TestSMSAlerts" name="test_send_sms_mtn_network" time="0.334" /><testcase classname="backend.tests.test_p0_p1_features.TestSMSAlerts" name="test_send_sms_orange_network" time="0.297" /><testcase classname="backend.tests.test_p0_p1_features.TestSMSAlerts" name="test_get_sms_history" time="0.292" /><testcase classname="backend.tests.test_p0_p1_features.TestExportReports" name="test_export_parcels_report_pdf" time="0.289" /><testcase classname="backend.tests.test_p0_p1_features.TestExportReports" name="test_export_sensors_report_word" time="0.293" /><testcase classname="backend.tests.test_p0_p1_features.TestExportReports" name="test_export_analytics_report" time="0.291" /><testcase classname="backend.tests.test_p0_p1_features.TestExportReports" name="test_export_parcels_csv" time="0.337" /><testcase classname="backend.tests.test_p0_p1_features.TestELearning" name="test_get_courses" time="0.292" /><testcase classname="backend.tests.test_p0_p1_features.TestELearning" name="test_enroll_course" time="0.336" /><testcase classname="backend.tests.test_p0_p1_features.TestELearning" name="test_get_my_courses" time="0.304" /><testcase classname="backend.tests.test_p0_p1_features.TestELearning" name="test_complete_module" time="0.364" /><testcase classname="backend.tests.test_p0_p1_features.TestMultilingual" name="test_get_languages" time="0.033" /><testcase classname="backend.tests.test_p0_p1_features.TestMultilingual" name="test_get_french_translations" time="0.032" /><testcase classname="backend.tests.test_p0_p1_features.TestMultilingual" name="test_get_english_translations" time="0.034" /><testcase classname="backend.tests.test_p0_p1_features.TestMultilingual" name="test_get_ewondo_translations" time="0.034" /><testcase classname="backend.tests.test_p0_p1_features.TestMultilingual" name="test_get_fulbe_translations" time="0.035" /><testcase classname="backend.tests.test_p0_p1_features.TestMultilingual" name="test_fallback_to_french" time="0.030" /></testsuite></testsuites>