<?xml version="1.0" encoding="utf-8"?><testsuites name="pytest tests"><testsuite name="pytest" errors="0" failures="0" skipped="0" tests="14" time="3.693" timestamp="2026-03-13T23:18:24.977428+00:00" hostname="agent-env-f5892ce2-393d-4562-a29c-d6b699494fb0"><testcase classname="backend.tests.test_iteration25_phase2_features.TestTrainerAuthentication" name="test_trainer_login_success" time="0.385" /><testcase classname="backend.tests.test_iteration25_phase2_features.TestTrainerAuthentication" name="test_trainer_trainings_endpoint" time="0.461" /><testcase classname="backend.tests.test_iteration25_phase2_features.TestVideoUpload" name="test_upload_video_mp4_success" time="0.493" /><testcase classname="backend.tests.test_iteration25_phase2_features.TestVideoUpload" name="test_upload_video_rejects_exe" time="0.148" /><testcase classname="backend.tests.test_iteration25_phase2_features.TestVideoUpload" name="test_upload_video_rejects_txt" time="0.109" /><testcase classname="backend.tests.test_iteration25_phase2_features.TestEbookUpload" name="test_upload_ebook_pdf_success" time="0.414" /><testcase classname="backend.tests.test_iteration25_phase2_features.TestEbookUpload" name="test_upload_ebook_txt_success" time="0.293" /><testcase classname="backend.tests.test_iteration25_phase2_features.TestEbookUpload" name="test_upload_ebook_rejects_exe" time="0.161" /><testcase classname="backend.tests.test_iteration25_phase2_features.TestToggleDownload" name="test_toggle_download_permission" time="0.211" /><testcase classname="backend.tests.test_iteration25_phase2_features.TestFileDownloadStream" name="test_file_download_endpoint_exists" time="0.132" /><testcase classname="backend.tests.test_iteration25_phase2_features.TestFileDownloadStream" name="test_file_stream_endpoint_exists" time="0.112" /><testcase classname="backend.tests.test_iteration25_phase2_features.TestFarmerTrainingsAccess" name="test_farmer_can_access_trainings" time="0.475" /><testcase classname="backend.tests.test_iteration25_phase2_features.TestTrainerProfile" name="test_trainer_profile_endpoint" time="0.110" /><testcase classname="backend.tests.test_iteration25_phase2_features.TestTrainerProfile" name="test_trainer_stats_endpoint" time="0.116" /></testsuite></testsuites>