<?xml version="1.0" encoding="utf-8"?><testsuites name="pytest tests"><testsuite name="pytest" errors="0" failures="0" skipped="0" tests="14" time="36.781" timestamp="2026-03-13T02:48:12.003885+00:00" hostname="agent-env-a30b3a49-86c3-4bae-a48e-ec15d41aea38"><testcase classname="backend.tests.test_iteration19_features.TestHealthCheck" name="test_health_endpoint" time="0.288" /><testcase classname="backend.tests.test_iteration19_features.TestLoginAllRoles" name="test_login_admin" time="1.693" /><testcase classname="backend.tests.test_iteration19_features.TestLoginAllRoles" name="test_login_farmer" time="0.279" /><testcase classname="backend.tests.test_iteration19_features.TestLoginAllRoles" name="test_login_supplier" time="0.278" /><testcase classname="backend.tests.test_iteration19_features.TestLoginAllRoles" name="test_login_financial" time="0.286" /><testcase classname="backend.tests.test_iteration19_features.TestLoginAllRoles" name="test_login_seed_analyst" time="0.278" /><testcase classname="backend.tests.test_iteration19_features.TestLoginAllRoles" name="test_login_agronomist" time="0.285" /><testcase classname="backend.tests.test_iteration19_features.TestPaymentPackages" name="test_get_packages" time="0.049" /><testcase classname="backend.tests.test_iteration19_features.TestPaymentPackages" name="test_packages_have_required_fields" time="0.069" /><testcase classname="backend.tests.test_iteration19_features.TestPaymentProviders" name="test_get_providers" time="0.138" /><testcase classname="backend.tests.test_iteration19_features.TestSubscriptionStatus" name="test_subscription_status_farmer" time="0.338" /><testcase classname="backend.tests.test_iteration19_features.TestSubscriptionStatus" name="test_subscription_status_requires_auth" time="0.059" /><testcase classname="backend.tests.test_iteration19_features.TestAgribotIA" name="test_agribot_chat" time="32.297" /><testcase classname="backend.tests.test_iteration19_features.TestDashboardAPI" name="test_dashboard_stats" time="0.335" /></testsuite></testsuites>