<?xml version="1.0" encoding="utf-8"?><testsuites name="pytest tests"><testsuite name="pytest" errors="0" failures="0" skipped="0" tests="12" time="1.399" timestamp="2026-02-08T21:45:20.015256+00:00" hostname="agent-env-81d63623-fd9c-456c-94a3-37787d3a6cac"><testcase classname="backend.tests.test_p3_features.TestPWAFiles" name="test_manifest_json_accessible" time="0.056" /><testcase classname="backend.tests.test_p3_features.TestPWAFiles" name="test_service_worker_accessible" time="0.036" /><testcase classname="backend.tests.test_p3_features.TestPWAFiles" name="test_offline_html_accessible" time="0.037" /><testcase classname="backend.tests.test_p3_features.TestMobileMoneyPayment" name="test_mobile_money_orange_payment" time="0.305" /><testcase classname="backend.tests.test_p3_features.TestMobileMoneyPayment" name="test_mobile_money_mtn_payment" time="0.296" /><testcase classname="backend.tests.test_p3_features.TestMobileMoneyPayment" name="test_mobile_money_requires_auth" time="0.036" /><testcase classname="backend.tests.test_p3_features.TestBackendServices" name="test_config_file_exists" time="0.000" /><testcase classname="backend.tests.test_p3_features.TestBackendServices" name="test_database_file_exists" time="0.000" /><testcase classname="backend.tests.test_p3_features.TestBackendServices" name="test_payment_service_exists" time="0.000" /><testcase classname="backend.tests.test_p3_features.TestAPIHealth" name="test_api_health" time="0.032" /><testcase classname="backend.tests.test_p3_features.TestAPIHealth" name="test_admin_login" time="0.260" /><testcase classname="backend.tests.test_p3_features.TestAPIHealth" name="test_parcels_endpoint" time="0.294" /></testsuite></testsuites>