<?xml version="1.0" encoding="utf-8"?><testsuites name="pytest tests"><testsuite name="pytest" errors="0" failures="4" skipped="2" tests="51" time="48.900" timestamp="2026-01-28T10:39:45.095620+00:00" hostname="agent-env-4521e6ee-8a15-45c6-b445-ac38d95ecf74"><testcase classname="backend.tests.test_agricam_api.TestHealthAndRoot" name="test_health_endpoint" time="0.074" /><testcase classname="backend.tests.test_agricam_api.TestHealthAndRoot" name="test_root_endpoint" time="0.039" /><testcase classname="backend.tests.test_agricam_api.TestAuthentication" name="test_login_admin_success" time="0.266" /><testcase classname="backend.tests.test_agricam_api.TestAuthentication" name="test_login_farmer_success" time="0.255" /><testcase classname="backend.tests.test_agricam_api.TestAuthentication" name="test_login_invalid_credentials" time="0.034" /><testcase classname="backend.tests.test_agricam_api.TestAuthentication" name="test_auth_me_with_token" time="0.290" /><testcase classname="backend.tests.test_agricam_api.TestAuthentication" name="test_auth_me_without_token" time="0.035" /><testcase classname="backend.tests.test_agricam_api.TestChatbot" name="test_chatbot_message_success" time="12.802" /><testcase classname="backend.tests.test_agricam_api.TestChatbot" name="test_chatbot_message_without_auth" time="0.049" /><testcase classname="backend.tests.test_agricam_api.TestChatbot" name="test_chatbot_history" time="0.300" /><testcase classname="backend.tests.test_agricam_api.TestLearningModules" name="test_get_all_modules" time="0.037" /><testcase classname="backend.tests.test_agricam_api.TestLearningModules" name="test_get_module_by_id" time="0.032" /><testcase classname="backend.tests.test_agricam_api.TestLearningModules" name="test_get_module_not_found" time="0.071" /><testcase classname="backend.tests.test_agricam_api.TestLearningModules" name="test_filter_modules_by_category" time="0.037" /><testcase classname="backend.tests.test_agricam_api.TestLearningModules" name="test_filter_modules_by_difficulty" time="0.038" /><testcase classname="backend.tests.test_agricam_api.TestPayments" name="test_create_checkout_session" time="0.887" /><testcase classname="backend.tests.test_agricam_api.TestPayments" name="test_create_checkout_invalid_package" time="0.290" /><testcase classname="backend.tests.test_agricam_api.TestPayments" name="test_create_checkout_without_auth" time="0.030" /><testcase classname="backend.tests.test_agricam_api.TestDashboard" name="test_dashboard_stats_public" time="0.041" /><testcase classname="backend.tests.test_agricam_api.TestDashboard" name="test_dashboard_stats_authenticated" time="0.290" /><testcase classname="backend.tests.test_agricam_api.TestParcels" name="test_get_parcels" time="0.290" /><testcase classname="backend.tests.test_agricam_api.TestParcels" name="test_create_parcel" time="0.290" /><testcase classname="backend.tests.test_agricam_api.TestAdminEndpoints" name="test_admin_dashboard" time="0.294" /><testcase classname="backend.tests.test_agricam_api.TestAdminEndpoints" name="test_admin_users_list" time="0.287" /><testcase classname="backend.tests.test_agricam_api.TestWeather" name="test_get_weather" time="0.037" /><testcase classname="backend.tests.test_agricam_api.TestSensors" name="test_get_sensors" time="0.290" /><testcase classname="backend.tests.test_agricam_api.TestSensors" name="test_get_sensors_stats" time="0.290" /><testcase classname="backend.tests.test_agricam_api.TestAlerts" name="test_get_alerts" time="0.292" /><testcase classname="backend.tests.test_agricam_v3_apis.TestSensorsCRUD" name="test_create_sensor_admin" time="0.285"><failure message="assert 404 in [200, 201]&#10; +  where 404 = &lt;Response [404]&gt;.status_code">backend/tests/test_agricam_v3_apis.py:54: in test_create_sensor_admin
    assert response.status_code in [200, 201]
E   assert 404 in [200, 201]
E    +  where 404 = &lt;Response [404]&gt;.status_code</failure></testcase><testcase classname="backend.tests.test_agricam_v3_apis.TestSensorsCRUD" name="test_get_sensors_list" time="0.035" /><testcase classname="backend.tests.test_agricam_v3_apis.TestSensorsCRUD" name="test_update_sensor" time="0.032"><skipped type="pytest.skip" message="Could not create sensor for update test">/app/backend/tests/test_agricam_v3_apis.py:87: Could not create sensor for update test</skipped></testcase><testcase classname="backend.tests.test_agricam_v3_apis.TestSensorsCRUD" name="test_delete_sensor" time="0.033"><skipped type="pytest.skip" message="Could not create sensor for delete test">/app/backend/tests/test_agricam_v3_apis.py:118: Could not create sensor for delete test</skipped></testcase><testcase classname="backend.tests.test_agricam_v3_apis.TestIoTImportExport" name="test_iot_export_csv" time="0.034" /><testcase classname="backend.tests.test_agricam_v3_apis.TestIoTImportExport" name="test_iot_export_json" time="0.032" /><testcase classname="backend.tests.test_agricam_v3_apis.TestIoTImportExport" name="test_iot_import_csv" time="13.477" /><testcase classname="backend.tests.test_agricam_v3_apis.TestIoTImportExport" name="test_iot_analyze" time="0.054"><failure message="assert 422 == 200&#10; +  where 422 = &lt;Response [422]&gt;.status_code">backend/tests/test_agricam_v3_apis.py:180: in test_iot_analyze
    assert response.status_code == 200
E   assert 422 == 200
E    +  where 422 = &lt;Response [422]&gt;.status_code</failure></testcase><testcase classname="backend.tests.test_agricam_v3_apis.TestMarketplace" name="test_create_product" time="0.298" /><testcase classname="backend.tests.test_agricam_v3_apis.TestMarketplace" name="test_get_marketplace_products" time="0.039" /><testcase classname="backend.tests.test_agricam_v3_apis.TestMarketplace" name="test_get_my_products" time="0.037" /><testcase classname="backend.tests.test_agricam_v3_apis.TestMarketplace" name="test_get_conversations" time="0.040" /><testcase classname="backend.tests.test_agricam_v3_apis.TestMarketplace" name="test_get_contracts" time="0.037" /><testcase classname="backend.tests.test_agricam_v3_apis.TestDrones" name="test_create_drone" time="0.036" /><testcase classname="backend.tests.test_agricam_v3_apis.TestDrones" name="test_get_drones" time="0.038" /><testcase classname="backend.tests.test_agricam_v3_apis.TestRobots" name="test_create_robot" time="0.037"><failure message="assert 422 in [200, 201]&#10; +  where 422 = &lt;Response [422]&gt;.status_code">backend/tests/test_agricam_v3_apis.py:310: in test_create_robot
    assert response.status_code in [200, 201]
E   assert 422 in [200, 201]
E    +  where 422 = &lt;Response [422]&gt;.status_code</failure></testcase><testcase classname="backend.tests.test_agricam_v3_apis.TestRobots" name="test_get_robots" time="0.037" /><testcase classname="backend.tests.test_agricam_v3_apis.TestAIFeatures" name="test_ai_weather_prediction" time="16.033" /><testcase classname="backend.tests.test_agricam_v3_apis.TestAIFeatures" name="test_ai_satellite_analysis" time="0.059"><failure message="assert 404 == 200&#10; +  where 404 = &lt;Response [404]&gt;.status_code">backend/tests/test_agricam_v3_apis.py:348: in test_ai_satellite_analysis
    assert response.status_code == 200
E   assert 404 == 200
E    +  where 404 = &lt;Response [404]&gt;.status_code</failure></testcase><testcase classname="backend.tests.test_agricam_v3_apis.TestAlertsAI" name="test_generate_ai_alerts" time="0.035" /><testcase classname="backend.tests.test_agricam_v3_apis.TestAlertsAI" name="test_get_alerts" time="0.041" /><testcase classname="backend.tests.test_agricam_v3_apis.TestCurrency" name="test_currency_convert" time="0.033" /><testcase classname="backend.tests.test_agricam_v3_apis.TestAnalytics" name="test_get_analytics_metrics" time="0.037" /></testsuite></testsuites>