<?xml version="1.0" encoding="utf-8"?><testsuites name="pytest tests"><testsuite name="pytest" errors="0" failures="0" skipped="0" tests="17" time="9.425" timestamp="2026-03-13T23:02:21.492492+00:00" hostname="agent-env-f5892ce2-393d-4562-a29c-d6b699494fb0"><testcase classname="backend.tests.test_iteration24_trainer_features.TestTrainerAuthentication" name="test_trainer_login_returns_valid_token_with_role" time="0.477" /><testcase classname="backend.tests.test_iteration24_trainer_features.TestTrainerEndpoints" name="test_get_trainings_list" time="0.518" /><testcase classname="backend.tests.test_iteration24_trainer_features.TestTrainerEndpoints" name="test_get_ebooks_list" time="0.494" /><testcase classname="backend.tests.test_iteration24_trainer_features.TestTrainerEndpoints" name="test_get_trainer_profile" time="0.453" /><testcase classname="backend.tests.test_iteration24_trainer_features.TestTrainerEndpoints" name="test_get_trainer_stats" time="0.510" /><testcase classname="backend.tests.test_iteration24_trainer_features.TestTrainerEndpoints" name="test_create_training" time="0.461" /><testcase classname="backend.tests.test_iteration24_trainer_features.TestPasswordChange" name="test_change_password_rejects_wrong_current_password" time="0.675" /><testcase classname="backend.tests.test_iteration24_trainer_features.TestPasswordChange" name="test_change_password_accepts_correct_password" time="1.822" /><testcase classname="backend.tests.test_iteration24_trainer_features.TestProfileUpdate" name="test_update_profile_language" time="0.497" /><testcase classname="backend.tests.test_iteration24_trainer_features.TestProfileUpdate" name="test_update_profile_theme" time="0.451" /><testcase classname="backend.tests.test_iteration24_trainer_features.TestProfileUpdate" name="test_update_profile_linkedin" time="0.449" /><testcase classname="backend.tests.test_iteration24_trainer_features.TestProfileUpdate" name="test_update_profile_photo" time="0.456" /><testcase classname="backend.tests.test_iteration24_trainer_features.TestProfileUpdate" name="test_update_profile_multiple_fields" time="0.460" /><testcase classname="backend.tests.test_iteration24_trainer_features.TestAdminAnalyticsExport" name="test_export_analytics_json" time="0.463" /><testcase classname="backend.tests.test_iteration24_trainer_features.TestAdminAnalyticsExport" name="test_export_analytics_csv" time="0.463" /><testcase classname="backend.tests.test_iteration24_trainer_features.TestAdminAnalyticsExport" name="test_export_requires_admin_role" time="0.480" /><testcase classname="backend.tests.test_iteration24_trainer_features.TestHealthCheck" name="test_api_health" time="0.155" /></testsuite></testsuites>