<?xml version="1.0" encoding="utf-8"?><testsuites name="pytest tests"><testsuite name="pytest" errors="0" failures="1" skipped="0" tests="15" time="156.036" timestamp="2026-02-28T21:18:38.311683+00:00" hostname="agent-env-38e1ca73-36bb-4006-9595-d51c5c21a6ee"><testcase classname="backend.tests.test_iteration14_auth_agribot.TestNewCredentialsLogin" name="test_admin_login_new_credentials" time="0.470" /><testcase classname="backend.tests.test_iteration14_auth_agribot.TestNewCredentialsLogin" name="test_farmer_login_new_credentials" time="0.343" /><testcase classname="backend.tests.test_iteration14_auth_agribot.TestNewCredentialsLogin" name="test_supplier_login_new_credentials" time="0.343" /><testcase classname="backend.tests.test_iteration14_auth_agribot.TestNewCredentialsLogin" name="test_bank_login_new_credentials" time="0.336" /><testcase classname="backend.tests.test_iteration14_auth_agribot.TestNewCredentialsLogin" name="test_old_credentials_should_fail" time="0.337" /><testcase classname="backend.tests.test_iteration14_auth_agribot.TestAgribotIAEndpoints" name="test_agribot_chat" time="10.220" /><testcase classname="backend.tests.test_iteration14_auth_agribot.TestAgribotIAEndpoints" name="test_predict_yield_json_body" time="28.690" /><testcase classname="backend.tests.test_iteration14_auth_agribot.TestAgribotIAEndpoints" name="test_ecological_advice_json_body" time="42.115" /><testcase classname="backend.tests.test_iteration14_auth_agribot.TestAgribotIAEndpoints" name="test_predict_disease_spread_json_body" time="36.157" /><testcase classname="backend.tests.test_iteration14_auth_agribot.TestAgribotIAEndpoints" name="test_analyze_soil_json_body" time="34.467" /><testcase classname="backend.tests.test_iteration14_auth_agribot.TestCameraIAEndpoint" name="test_camera_live_stats" time="0.660" /><testcase classname="backend.tests.test_iteration14_auth_agribot.TestDevAnalyticsEndpoints" name="test_dev_analytics_overview" time="0.520" /><testcase classname="backend.tests.test_iteration14_auth_agribot.TestDevAnalyticsEndpoints" name="test_dev_analytics_users" time="0.448" /><testcase classname="backend.tests.test_iteration14_auth_agribot.TestClimateNotifications" name="test_climate_notifications" time="0.467" /><testcase classname="backend.tests.test_iteration14_auth_agribot.TestRegistrationEndpoint" name="test_registration_endpoint_exists" time="0.333"><failure message="AssertionError: Registration endpoint issue: 200 - {&quot;access_token&quot;:&quot;eyJhbGciOiJIUzI1NiIsInR5cCI6IkpXVCJ9.eyJ1c2VyX2lkIjoiZDBlYzE4M2EtYWI3ZS00MWVhLTk2MDYtNjE2ZGVkMjhhMGIzIiwicm9sZSI6ImZhcm1lciIsImVtYWlsIjoidGVzdF9yZWdpc3RyYXRpb25fY2hlY2tAdGVzdC5jb20iLCJleHAiOjE3NzI0MDAwNzR9.f_gg0SnYgXNQAXSiVmUajCgH2sFutUoDvfWRHmn4fhE&quot;,&quot;token_type&quot;:&quot;bearer&quot;,&quot;user&quot;:{&quot;id&quot;:&quot;d0ec183a-ab7e-41ea-9606-616ded28a0b3&quot;,&quot;email&quot;:&quot;test_registration_check@test.com&quot;,&quot;full_name&quot;:&quot;Test User&quot;,&quot;role&quot;:&quot;farmer&quot;,&quot;subscription_type&quot;:&quot;freemium&quot;,&quot;is_verified&quot;:true,&quot;company_name&quot;:null}}&#10;assert 200 in [201, 400, 409, 422]&#10; +  where 200 = &lt;Response [200]&gt;.status_code">backend/tests/test_iteration14_auth_agribot.py:252: in test_registration_endpoint_exists
    assert response.status_code in [201, 400, 409, 422], f"Registration endpoint issue: {response.status_code} - {response.text}"
E   AssertionError: Registration endpoint issue: 200 - {"access_token":"eyJhbGciOiJIUzI1NiIsInR5cCI6IkpXVCJ9.eyJ1c2VyX2lkIjoiZDBlYzE4M2EtYWI3ZS00MWVhLTk2MDYtNjE2ZGVkMjhhMGIzIiwicm9sZSI6ImZhcm1lciIsImVtYWlsIjoidGVzdF9yZWdpc3RyYXRpb25fY2hlY2tAdGVzdC5jb20iLCJleHAiOjE3NzI0MDAwNzR9.f_gg0SnYgXNQAXSiVmUajCgH2sFutUoDvfWRHmn4fhE","token_type":"bearer","user":{"id":"d0ec183a-ab7e-41ea-9606-616ded28a0b3","email":"test_registration_check@test.com","full_name":"Test User","role":"farmer","subscription_type":"freemium","is_verified":true,"company_name":null}}
E   assert 200 in [201, 400, 409, 422]
E    +  where 200 = &lt;Response [200]&gt;.status_code</failure></testcase></testsuite></testsuites>