<?xml version="1.0" encoding="utf-8"?><testsuites name="pytest tests"><testsuite name="pytest" errors="0" failures="1" skipped="0" tests="33" time="104.246" timestamp="2026-02-09T18:38:06.852170+00:00" hostname="agent-env-f632c925-61e8-42d6-a32e-471dd70ce95d"><testcase classname="backend.tests.test_advanced_features.TestAgribotIA" name="test_agribot_chat_simple_question" time="35.462" /><testcase classname="backend.tests.test_advanced_features.TestAgribotIA" name="test_agribot_predict_yield" time="34.677" /><testcase classname="backend.tests.test_advanced_features.TestAgribotIA" name="test_agribot_predict_yield_different_crop" time="29.931" /><testcase classname="backend.tests.test_advanced_features.TestDroneManagement" name="test_get_all_drones" time="0.067" /><testcase classname="backend.tests.test_advanced_features.TestDroneManagement" name="test_get_drone_by_id" time="0.040" /><testcase classname="backend.tests.test_advanced_features.TestDroneManagement" name="test_get_nonexistent_drone" time="0.066" /><testcase classname="backend.tests.test_advanced_features.TestDroneManagement" name="test_create_drone" time="0.078" /><testcase classname="backend.tests.test_advanced_features.TestDronePiloting" name="test_drone_takeoff" time="0.038" /><testcase classname="backend.tests.test_advanced_features.TestDronePiloting" name="test_drone_move_forward" time="0.077" /><testcase classname="backend.tests.test_advanced_features.TestDronePiloting" name="test_drone_capture_photo" time="0.037" /><testcase classname="backend.tests.test_advanced_features.TestDronePiloting" name="test_drone_hover" time="0.039" /><testcase classname="backend.tests.test_advanced_features.TestDronePiloting" name="test_drone_land" time="0.044" /><testcase classname="backend.tests.test_advanced_features.TestDronePiloting" name="test_drone_invalid_command" time="0.041" /><testcase classname="backend.tests.test_advanced_features.TestDronePiloting" name="test_drone_pilot_disconnected" time="0.073" /><testcase classname="backend.tests.test_advanced_features.TestDroneWifi" name="test_drone_connect_wifi" time="1.036" /><testcase classname="backend.tests.test_advanced_features.TestDroneWifi" name="test_drone_disconnect_wifi" time="1.074" /><testcase classname="backend.tests.test_advanced_features.TestDroneTelemetry" name="test_get_drone_telemetry" time="0.040" /><testcase classname="backend.tests.test_advanced_features.TestRobotManagement" name="test_get_all_robots" time="0.038" /><testcase classname="backend.tests.test_advanced_features.TestRobotManagement" name="test_get_robot_by_id" time="0.034" /><testcase classname="backend.tests.test_advanced_features.TestRobotManagement" name="test_get_nonexistent_robot" time="0.077" /><testcase classname="backend.tests.test_advanced_features.TestRobotManagement" name="test_create_robot" time="0.073" /><testcase classname="backend.tests.test_advanced_features.TestRobotControl" name="test_robot_start" time="0.037" /><testcase classname="backend.tests.test_advanced_features.TestRobotControl" name="test_robot_move_forward" time="0.043" /><testcase classname="backend.tests.test_advanced_features.TestRobotControl" name="test_robot_scan_area" time="0.038" /><testcase classname="backend.tests.test_advanced_features.TestRobotControl" name="test_robot_stop" time="0.038" /><testcase classname="backend.tests.test_advanced_features.TestRobotControl" name="test_robot_return_home" time="0.036" /><testcase classname="backend.tests.test_advanced_features.TestRobotControl" name="test_robot_invalid_action" time="0.035" /><testcase classname="backend.tests.test_advanced_features.TestRobotWifi" name="test_robot_connect_wifi" time="0.538" /><testcase classname="backend.tests.test_advanced_features.TestRobotTelemetry" name="test_get_robot_telemetry" time="0.037" /><testcase classname="backend.tests.test_advanced_features.TestReportGeneration" name="test_generate_pdf_report" time="0.047" /><testcase classname="backend.tests.test_advanced_features.TestReportGeneration" name="test_generate_csv_report" time="0.036" /><testcase classname="backend.tests.test_advanced_features.TestReportGeneration" name="test_generate_invalid_format" time="0.038"><failure message="assert 520 == 400&#10; +  where 520 = &lt;Response [520]&gt;.status_code">backend/tests/test_advanced_features.py:443: in test_generate_invalid_format
    assert response.status_code == 400
E   assert 520 == 400
E    +  where 520 = &lt;Response [520]&gt;.status_code</failure></testcase><testcase classname="backend.tests.test_advanced_features.TestHealthAndBasics" name="test_health_check" time="0.040" /></testsuite></testsuites>