<?xml version="1.0" encoding="utf-8"?><testsuites name="pytest tests"><testsuite name="pytest" errors="0" failures="0" skipped="0" tests="20" time="6.951" timestamp="2026-02-08T17:28:58.668608+00:00" hostname="agent-env-4998189f-167f-4727-a4f3-2691a6f79752"><testcase classname="backend.tests.test_agricam_api.TestAuthentication" name="test_farmer_login" time="0.301" /><testcase classname="backend.tests.test_agricam_api.TestAuthentication" name="test_admin_login" time="0.262" /><testcase classname="backend.tests.test_agricam_api.TestSensorsAPI" name="test_get_sensors" time="0.037" /><testcase classname="backend.tests.test_agricam_api.TestSensorsAPI" name="test_get_sensors_stats" time="0.039" /><testcase classname="backend.tests.test_agricam_api.TestParcelsAPI" name="test_get_parcels" time="0.038" /><testcase classname="backend.tests.test_agricam_api.TestIrrigationAPI" name="test_get_irrigation_systems" time="0.032" /><testcase classname="backend.tests.test_agricam_api.TestIrrigationAPI" name="test_get_irrigation_stats" time="0.043" /><testcase classname="backend.tests.test_agricam_api.TestMarketplaceAPI" name="test_get_marketplace_products" time="0.033" /><testcase classname="backend.tests.test_agricam_api.TestMarketplaceAPI" name="test_search_marketplace" time="0.037" /><testcase classname="backend.tests.test_agricam_api.TestAlertsAPI" name="test_get_alerts" time="0.292" /><testcase classname="backend.tests.test_agricam_api.TestAlertsAPI" name="test_get_unread_alerts" time="0.289" /><testcase classname="backend.tests.test_agricam_api.TestImageAnalysisAPI" name="test_get_image_analyses" time="0.037" /><testcase classname="backend.tests.test_agricam_api.TestImageAnalysisAPI" name="test_get_image_analysis_stats" time="0.035" /><testcase classname="backend.tests.test_agricam_api.TestImageAnalysisAPI" name="test_upload_image_endpoint_exists" time="0.338" /><testcase classname="backend.tests.test_agricam_api.TestImageAnalysisAPI" name="test_upload_image_with_real_image" time="3.921" /><testcase classname="backend.tests.test_agricam_api.TestVideoAnalysisAPI" name="test_upload_video_endpoint_exists" time="0.344" /><testcase classname="backend.tests.test_agricam_api.TestCSVAnalysisAPI" name="test_upload_csv_endpoint_exists" time="0.338" /><testcase classname="backend.tests.test_agricam_api.TestCSVAnalysisAPI" name="test_upload_csv_with_data" time="0.349" /><testcase classname="backend.tests.test_agricam_api.TestDashboardAPI" name="test_get_dashboard_stats" time="0.037" /><testcase classname="backend.tests.test_agricam_api.TestWeatherAPI" name="test_get_weather" time="0.032" /></testsuite></testsuites>