<?xml version="1.0" encoding="utf-8"?><testsuites name="pytest tests"><testsuite name="pytest" errors="0" failures="0" skipped="0" tests="20" time="5.974" timestamp="2026-02-08T21:20:38.260579+00:00" hostname="agent-env-81d63623-fd9c-456c-94a3-37787d3a6cac"><testcase classname="backend.tests.test_p2_features.TestHealthCheck" name="test_api_health" time="0.063" /><testcase classname="backend.tests.test_p2_features.TestAuthentication" name="test_admin_login" time="0.259" /><testcase classname="backend.tests.test_p2_features.TestAuthentication" name="test_farmer_login" time="0.261" /><testcase classname="backend.tests.test_p2_features.TestMobileMoneyPayment" name="test_payment_history" time="0.304" /><testcase classname="backend.tests.test_p2_features.TestMobileMoneyPayment" name="test_initiate_orange_money_payment" time="0.294" /><testcase classname="backend.tests.test_p2_features.TestMobileMoneyPayment" name="test_initiate_mtn_momo_payment" time="0.303" /><testcase classname="backend.tests.test_p2_features.TestRobotControl" name="test_get_robot_status" time="0.301" /><testcase classname="backend.tests.test_p2_features.TestRobotControl" name="test_get_3d_map" time="0.346" /><testcase classname="backend.tests.test_p2_features.TestRobotControl" name="test_robot_control_start" time="0.329" /><testcase classname="backend.tests.test_p2_features.TestRobotControl" name="test_robot_control_scan" time="0.335" /><testcase classname="backend.tests.test_p2_features.TestRobotControl" name="test_robot_control_capture_3d" time="0.376" /><testcase classname="backend.tests.test_p2_features.TestCameraIA" name="test_get_live_stats" time="0.295" /><testcase classname="backend.tests.test_p2_features.TestCameraIA" name="test_analyze_frame" time="0.304" /><testcase classname="backend.tests.test_p2_features.TestDevAnalytics" name="test_get_overview" time="0.301" /><testcase classname="backend.tests.test_p2_features.TestDevAnalytics" name="test_get_users" time="0.298" /><testcase classname="backend.tests.test_p2_features.TestDevAnalytics" name="test_get_activity_log" time="0.295" /><testcase classname="backend.tests.test_p2_features.TestDevAnalytics" name="test_get_seo_report" time="0.297" /><testcase classname="backend.tests.test_p2_features.TestDevAnalytics" name="test_validate_subscription" time="0.361" /><testcase classname="backend.tests.test_p2_features.TestAccessControl" name="test_farmer_can_access_payment_history" time="0.298" /><testcase classname="backend.tests.test_p2_features.TestAccessControl" name="test_farmer_can_initiate_payment" time="0.298" /></testsuite></testsuites>